<?xml version="1.0" encoding="UTF-8"?>
<testsuite name="learn.programming.repository.CourseRepositoryTest" tests="3" skipped="0" failures="0" errors="0" timestamp="2019-02-19T16:54:14" hostname="ascension" time="3.838">
  <properties/>
  <testcase name="findById" classname="learn.programming.repository.CourseRepositoryTest" time="0.13"/>
  <testcase name="save" classname="learn.programming.repository.CourseRepositoryTest" time="0.079"/>
  <testcase name="deleteById" classname="learn.programming.repository.CourseRepositoryTest" time="0.075"/>
  <system-out><![CDATA[22:24:05.068 [Test worker] DEBUG org.springframework.test.context.junit4.SpringJUnit4ClassRunner - SpringJUnit4ClassRunner constructor called with [class learn.programming.repository.CourseRepositoryTest]
22:24:05.079 [Test worker] DEBUG org.springframework.test.context.BootstrapUtils - Instantiating CacheAwareContextLoaderDelegate from class [org.springframework.test.context.cache.DefaultCacheAwareContextLoaderDelegate]
22:24:05.089 [Test worker] DEBUG org.springframework.test.context.BootstrapUtils - Instantiating BootstrapContext using constructor [public org.springframework.test.context.support.DefaultBootstrapContext(java.lang.Class,org.springframework.test.context.CacheAwareContextLoaderDelegate)]
22:24:05.124 [Test worker] DEBUG org.springframework.test.context.BootstrapUtils - Instantiating TestContextBootstrapper for test class [learn.programming.repository.CourseRepositoryTest] from class [org.springframework.boot.test.context.SpringBootTestContextBootstrapper]
22:24:05.150 [Test worker] INFO org.springframework.boot.test.context.SpringBootTestContextBootstrapper - Neither @ContextConfiguration nor @ContextHierarchy found for test class [learn.programming.repository.CourseRepositoryTest], using SpringBootContextLoader
22:24:05.154 [Test worker] DEBUG org.springframework.test.context.support.AbstractContextLoader - Did not detect default resource location for test class [learn.programming.repository.CourseRepositoryTest]: class path resource [learn/programming/repository/CourseRepositoryTest-context.xml] does not exist
22:24:05.155 [Test worker] DEBUG org.springframework.test.context.support.AbstractContextLoader - Did not detect default resource location for test class [learn.programming.repository.CourseRepositoryTest]: class path resource [learn/programming/repository/CourseRepositoryTestContext.groovy] does not exist
22:24:05.155 [Test worker] INFO org.springframework.test.context.support.AbstractContextLoader - Could not detect default resource locations for test class [learn.programming.repository.CourseRepositoryTest]: no resource found for suffixes {-context.xml, Context.groovy}.
22:24:05.266 [Test worker] DEBUG org.springframework.test.context.support.ActiveProfilesUtils - Could not find an 'annotation declaring class' for annotation type [org.springframework.test.context.ActiveProfiles] and class [learn.programming.repository.CourseRepositoryTest]
22:24:05.455 [Test worker] DEBUG org.springframework.boot.test.context.SpringBootTestContextBootstrapper - @TestExecutionListeners is not present for class [learn.programming.repository.CourseRepositoryTest]: using defaults.
22:24:05.456 [Test worker] INFO org.springframework.boot.test.context.SpringBootTestContextBootstrapper - Loaded default TestExecutionListener class names from location [META-INF/spring.factories]: [org.spockframework.spring.SpringMockTestExecutionListener, org.springframework.boot.test.autoconfigure.restdocs.RestDocsTestExecutionListener, org.springframework.boot.test.autoconfigure.web.client.MockRestServiceServerResetTestExecutionListener, org.springframework.boot.test.autoconfigure.web.servlet.MockMvcPrintOnlyOnFailureTestExecutionListener, org.springframework.boot.test.autoconfigure.web.servlet.WebDriverTestExecutionListener, org.springframework.boot.test.mock.mockito.MockitoTestExecutionListener, org.springframework.boot.test.mock.mockito.ResetMocksTestExecutionListener, org.springframework.test.context.web.ServletTestExecutionListener, org.springframework.test.context.support.DirtiesContextBeforeModesTestExecutionListener, org.springframework.test.context.support.DependencyInjectionTestExecutionListener, org.springframework.test.context.support.DirtiesContextTestExecutionListener, org.springframework.test.context.transaction.TransactionalTestExecutionListener, org.springframework.test.context.jdbc.SqlScriptsTestExecutionListener]
22:24:05.481 [Test worker] INFO org.springframework.boot.test.context.SpringBootTestContextBootstrapper - Using TestExecutionListeners: [org.springframework.test.context.web.ServletTestExecutionListener@3bd9e8bb, org.springframework.test.context.support.DirtiesContextBeforeModesTestExecutionListener@50a019d8, org.springframework.boot.test.mock.mockito.MockitoTestExecutionListener@3381720, org.springframework.boot.test.autoconfigure.SpringBootDependencyInjectionTestExecutionListener@738c8c4a, org.springframework.test.context.support.DirtiesContextTestExecutionListener@7e42eb0, org.springframework.test.context.transaction.TransactionalTestExecutionListener@57da894d, org.springframework.test.context.jdbc.SqlScriptsTestExecutionListener@14980581, org.springframework.boot.test.autoconfigure.restdocs.RestDocsTestExecutionListener@3613584, org.springframework.boot.test.autoconfigure.web.client.MockRestServiceServerResetTestExecutionListener@25560af6, org.springframework.boot.test.autoconfigure.web.servlet.MockMvcPrintOnlyOnFailureTestExecutionListener@26c56ff0, org.springframework.boot.test.autoconfigure.web.servlet.WebDriverTestExecutionListener@72a5c2a4, org.springframework.boot.test.mock.mockito.ResetMocksTestExecutionListener@78621461, org.spockframework.spring.SpringMockTestExecutionListener@6d76a021]
22:24:05.485 [Test worker] DEBUG org.springframework.test.annotation.ProfileValueUtils - Retrieved @ProfileValueSourceConfiguration [null] for test class [learn.programming.repository.CourseRepositoryTest]
22:24:05.486 [Test worker] DEBUG org.springframework.test.annotation.ProfileValueUtils - Retrieved ProfileValueSource type [class org.springframework.test.annotation.SystemProfileValueSource] for class [learn.programming.repository.CourseRepositoryTest]
22:24:05.487 [Test worker] DEBUG org.springframework.test.annotation.ProfileValueUtils - Retrieved @ProfileValueSourceConfiguration [null] for test class [learn.programming.repository.CourseRepositoryTest]
22:24:05.488 [Test worker] DEBUG org.springframework.test.annotation.ProfileValueUtils - Retrieved ProfileValueSource type [class org.springframework.test.annotation.SystemProfileValueSource] for class [learn.programming.repository.CourseRepositoryTest]
22:24:05.495 [Test worker] DEBUG org.springframework.test.context.support.AbstractDirtiesContextTestExecutionListener - Before test class: context [DefaultTestContext@15c00bd0 testClass = CourseRepositoryTest, testInstance = [null], testMethod = [null], testException = [null], mergedContextConfiguration = [WebMergedContextConfiguration@1390de32 testClass = CourseRepositoryTest, locations = '{}', classes = '{class learn.programming.DataPersistenceApplication, class learn.programming.DataPersistenceApplication}', contextInitializerClasses = '[]', activeProfiles = '{}', propertySourceLocations = '{}', propertySourceProperties = '{org.springframework.boot.test.context.SpringBootTestContextBootstrapper=true}', contextCustomizers = set[org.spockframework.spring.mock.SpockContextCustomizer@0, org.springframework.boot.test.autoconfigure.properties.PropertyMappingContextCustomizer@0, org.springframework.boot.test.autoconfigure.web.servlet.WebDriverContextCustomizerFactory$Customizer@6e7b6a50, org.springframework.boot.test.context.filter.ExcludeFilterContextCustomizer@38480723, org.springframework.boot.test.json.DuplicateJsonObjectContextCustomizerFactory$DuplicateJsonObjectContextCustomizer@33b0f5a3, org.springframework.boot.test.mock.mockito.MockitoContextCustomizer@0, org.springframework.boot.test.web.client.TestRestTemplateContextCustomizer@7ecc3b05], resourceBasePath = 'src/main/webapp', contextLoader = 'org.springframework.boot.test.context.SpringBootContextLoader', parent = [null]], attributes = map['org.springframework.test.context.web.ServletTestExecutionListener.activateListener' -> true]], class annotated with @DirtiesContext [false] with mode [null].
22:24:05.499 [Test worker] DEBUG org.springframework.test.annotation.ProfileValueUtils - Retrieved @ProfileValueSourceConfiguration [null] for test class [learn.programming.repository.CourseRepositoryTest]
22:24:05.499 [Test worker] DEBUG org.springframework.test.annotation.ProfileValueUtils - Retrieved ProfileValueSource type [class org.springframework.test.annotation.SystemProfileValueSource] for class [learn.programming.repository.CourseRepositoryTest]
22:24:05.541 [Test worker] DEBUG org.springframework.test.context.support.TestPropertySourceUtils - Adding inlined properties to environment: {spring.jmx.enabled=false, org.springframework.boot.test.context.SpringBootTestContextBootstrapper=true, server.port=-1}
?[2m2019-02-19 22:24:06.024?[0;39m ?[32mDEBUG?[0;39m ?[35m20986?[0;39m ?[2m---?[0;39m ?[2m[    Test worker]?[0;39m ?[36m.c.l.ClasspathLoggingApplicationListener?[0;39m ?[2m:?[0;39m Application started with classpath: [file:/home/icy/.gradle/caches/4.10.2/workerMain/gradle-worker.jar, file:/home/icy/source/java/spring-masterclass/data-persistence/03_jpa_hibernate/build/classes/java/test/, file:/home/icy/source/java/spring-masterclass/data-persistence/03_jpa_hibernate/build/resources/test/, file:/home/icy/source/java/spring-masterclass/data-persistence/03_jpa_hibernate/build/classes/java/main/, file:/home/icy/source/java/spring-masterclass/data-persistence/03_jpa_hibernate/build/resources/main/, file:/home/icy/.gradle/caches/modules-2/files-2.1/cglib/cglib-nodep/3.2.10/1960483f42e8dd0830a1aec0a4a823569698ba34/cglib-nodep-3.2.10.jar, file:/home/icy/.gradle/caches/modules-2/files-2.1/org.springframework.boot/spring-boot-starter-data-jpa/2.1.2.RELEASE/43691a5ea941621098078a86fffaba97481a30ff/spring-boot-starter-data-jpa-2.1.2.RELEASE.jar, file:/home/icy/.gradle/caches/modules-2/files-2.1/org.springframework.boot/spring-boot-starter-jdbc/2.1.2.RELEASE/7ab23ed460150c83dac09769dd6467b0ac5ee467/spring-boot-starter-jdbc-2.1.2.RELEASE.jar, file:/home/icy/.gradle/caches/modules-2/files-2.1/org.springframework.boot/spring-boot-starter-web/2.1.2.RELEASE/33749ef5bf458829eef0e0c45615bf536521a97a/spring-boot-starter-web-2.1.2.RELEASE.jar, file:/home/icy/.gradle/caches/modules-2/files-2.1/com.h2database/h2/1.4.197/bb391050048ca8ae3e32451b5a3714ecd3596a46/h2-1.4.197.jar, file:/home/icy/.gradle/caches/modules-2/files-2.1/org.spockframework/spock-spring/1.2-groovy-2.5/61a10381374df3e489bafb0a10385663cb3e4c31/spock-spring-1.2-groovy-2.5.jar, file:/home/icy/.gradle/caches/modules-2/files-2.1/org.springframework.boot/spring-boot-starter-test/2.1.2.RELEASE/578bf9f4d8223ac004dda4a7e742a6cfc93eed0/spring-boot-starter-test-2.1.2.RELEASE.jar, file:/home/icy/.gradle/caches/modules-2/files-2.1/org.springframework.boot/spring-boot-starter-aop/2.1.2.RELEASE/d4266d045585b54b0cef23bc725af66793d96c4c/spring-boot-starter-aop-2.1.2.RELEASE.jar, file:/home/icy/.gradle/caches/modules-2/files-2.1/javax.transaction/javax.transaction-api/1.3/e006adf5cf3cca2181d16bd640ecb80148ec0fce/javax.transaction-api-1.3.jar, file:/home/icy/.gradle/caches/modules-2/files-2.1/javax.xml.bind/jaxb-api/2.3.1/8531ad5ac454cc2deb9d4d32c40c4d7451939b5d/jaxb-api-2.3.1.jar, file:/home/icy/.gradle/caches/modules-2/files-2.1/org.hibernate/hibernate-core/5.3.7.Final/f87c5c1bbfc638309824140e68dfaaeb1bb479f3/hibernate-core-5.3.7.Final.jar, file:/home/icy/.gradle/caches/modules-2/files-2.1/org.springframework.data/spring-data-jpa/2.1.4.RELEASE/aedc52b1f5acdfe11cb665d0ad3920de8bca480a/spring-data-jpa-2.1.4.RELEASE.jar, file:/home/icy/.gradle/caches/modules-2/files-2.1/org.springframework/spring-aspects/5.1.4.RELEASE/8d9f441975c7b45f497706c068c022163591d116/spring-aspects-5.1.4.RELEASE.jar, file:/home/icy/.gradle/caches/modules-2/files-2.1/org.springframework.boot/spring-boot-starter-json/2.1.2.RELEASE/db59b1857966985cec2cdb81cd6cfeb315f1c849/spring-boot-starter-json-2.1.2.RELEASE.jar, file:/home/icy/.gradle/caches/modules-2/files-2.1/org.springframework.boot/spring-boot-starter/2.1.2.RELEASE/d2d5f6e546980503ca79e4a2e9f4e31c47c3e32f/spring-boot-starter-2.1.2.RELEASE.jar, file:/home/icy/.gradle/caches/modules-2/files-2.1/com.zaxxer/HikariCP/3.2.0/6c66db1c636ee90beb4c65fe34abd8ba9396bca6/HikariCP-3.2.0.jar, file:/home/icy/.gradle/caches/modules-2/files-2.1/org.springframework/spring-orm/5.1.4.RELEASE/4724d782a976fb7b0f69dd1e5d027a0d68622260/spring-orm-5.1.4.RELEASE.jar, file:/home/icy/.gradle/caches/modules-2/files-2.1/org.springframework/spring-jdbc/5.1.4.RELEASE/ec21d6c0956b523ed364fa1bb1165009ad426753/spring-jdbc-5.1.4.RELEASE.jar, file:/home/icy/.gradle/caches/modules-2/files-2.1/org.springframework.boot/spring-boot-starter-tomcat/2.1.2.RELEASE/531e2244086772d5c92a6ae0790187a5476a90d7/spring-boot-starter-tomcat-2.1.2.RELEASE.jar, file:/home/icy/.gradle/caches/modules-2/files-2.1/org.hibernate.validator/hibernate-validator/6.0.14.Final/c424524aa7718c564d9199ac5892b05901cabae6/hibernate-validator-6.0.14.Final.jar, file:/home/icy/.gradle/caches/modules-2/files-2.1/org.springframework/spring-webmvc/5.1.4.RELEASE/eb1badce2f1593f3fb6e340036d313bf1c24dcfa/spring-webmvc-5.1.4.RELEASE.jar, file:/home/icy/.gradle/caches/modules-2/files-2.1/org.springframework/spring-web/5.1.4.RELEASE/75830b324bba34b2cb63d0fed085e94cc759eec5/spring-web-5.1.4.RELEASE.jar, file:/home/icy/.gradle/caches/modules-2/files-2.1/org.spockframework/spock-core/1.2-groovy-2.5/8a7cdbd646c4ac6be8d60c8c7a329bbe77441ea2/spock-core-1.2-groovy-2.5.jar, file:/home/icy/.gradle/caches/modules-2/files-2.1/org.codehaus.groovy/groovy-json/2.5.5/3274bb68861c1ba9cf027ef54a592497555f365/groovy-json-2.5.5.jar, file:/home/icy/.gradle/caches/modules-2/files-2.1/org.codehaus.groovy/groovy-nio/2.5.5/2c74e9fab2f4a1db93242a7357599f97fe0ea0e8/groovy-nio-2.5.5.jar, file:/home/icy/.gradle/caches/modules-2/files-2.1/org.codehaus.groovy/groovy-macro/2.5.5/ee1e459223b450d8f98b5b0efbe974d85a32e4a2/groovy-macro-2.5.5.jar, file:/home/icy/.gradle/caches/modules-2/files-2.1/org.codehaus.groovy/groovy-templates/2.5.5/5a2d80499d600b9cb71e69b520b6f9f2f4359779/groovy-templates-2.5.5.jar, file:/home/icy/.gradle/caches/modules-2/files-2.1/org.codehaus.groovy/groovy-test/2.5.5/f138c13df391c420df6bf8e52e5c8248c61e9cfa/groovy-test-2.5.5.jar, file:/home/icy/.gradle/caches/modules-2/files-2.1/org.codehaus.groovy/groovy-sql/2.5.5/dd869f6e3979d98efc0848df994c178d6645d3dc/groovy-sql-2.5.5.jar, file:/home/icy/.gradle/caches/modules-2/files-2.1/org.codehaus.groovy/groovy-xml/2.5.5/9de098bd721e65d54b11fbf44b28f47016a133fc/groovy-xml-2.5.5.jar, file:/home/icy/.gradle/caches/modules-2/files-2.1/org.codehaus.groovy/groovy/2.5.5/2388f952b369f6b11cde8e15ec872e9ca3e0ff3e/groovy-2.5.5.jar, file:/home/icy/.gradle/caches/modules-2/files-2.1/org.springframework.boot/spring-boot-test-autoconfigure/2.1.2.RELEASE/1c73119a147277181c16d3bf6cb28078a7c30a3b/spring-boot-test-autoconfigure-2.1.2.RELEASE.jar, file:/home/icy/.gradle/caches/modules-2/files-2.1/org.springframework.boot/spring-boot-test/2.1.2.RELEASE/89b227adbba0d6e9b85a2fde9119ef00428a45e3/spring-boot-test-2.1.2.RELEASE.jar, file:/home/icy/.gradle/caches/modules-2/files-2.1/com.jayway.jsonpath/json-path/2.4.0/765a4401ceb2dc8d40553c2075eb80a8fa35c2ae/json-path-2.4.0.jar, file:/home/icy/.gradle/caches/modules-2/files-2.1/junit/junit/4.12/2973d150c0dc1fefe998f834810d68f278ea58ec/junit-4.12.jar, file:/home/icy/.gradle/caches/modules-2/files-2.1/org.assertj/assertj-core/3.11.1/fdac3217b804d6900fa3650f17b5cb48e620b140/assertj-core-3.11.1.jar, file:/home/icy/.gradle/caches/modules-2/files-2.1/org.mockito/mockito-core/2.23.4/a35b6f8ffcfa786771eac7d7d903429e790fdf3f/mockito-core-2.23.4.jar, file:/home/icy/.gradle/caches/modules-2/files-2.1/org.hamcrest/hamcrest-library/1.3/4785a3c21320980282f9f33d0d1264a69040538f/hamcrest-library-1.3.jar, file:/home/icy/.gradle/caches/modules-2/files-2.1/org.hamcrest/hamcrest-core/1.3/42a25dc3219429f0e5d060061f71acb49bf010a0/hamcrest-core-1.3.jar, file:/home/icy/.gradle/caches/modules-2/files-2.1/org.skyscreamer/jsonassert/1.5.0/6c9d5fe2f59da598d9aefc1cfc6528ff3cf32df3/jsonassert-1.5.0.jar, file:/home/icy/.gradle/caches/modules-2/files-2.1/org.springframework/spring-test/5.1.4.RELEASE/3ab4d6d6087d2dd7f4a8b3e88b66b3381bd4247c/spring-test-5.1.4.RELEASE.jar, file:/home/icy/.gradle/caches/modules-2/files-2.1/org.springframework.data/spring-data-commons/2.1.4.RELEASE/144d71cfb0cc330fead0a00969e2ba871a83904b/spring-data-commons-2.1.4.RELEASE.jar, file:/home/icy/.gradle/caches/modules-2/files-2.1/org.springframework/spring-tx/5.1.4.RELEASE/a671702999fd8b5f1798cd3a7dfbbbf5a4705494/spring-tx-5.1.4.RELEASE.jar, file:/home/icy/.gradle/caches/modules-2/files-2.1/org.springframework.boot/spring-boot-autoconfigure/2.1.2.RELEASE/5f90ffc7937a051b38fb8322289e3d92831829bf/spring-boot-autoconfigure-2.1.2.RELEASE.jar, file:/home/icy/.gradle/caches/modules-2/files-2.1/org.springframework.boot/spring-boot/2.1.2.RELEASE/ea72e00516adf1a97f0e4b023ad55e79686cefac/spring-boot-2.1.2.RELEASE.jar, file:/home/icy/.gradle/caches/modules-2/files-2.1/org.springframework/spring-context/5.1.4.RELEASE/2be9e8da66d32fb4eaf29a46bdcdbfe155f1f87a/spring-context-5.1.4.RELEASE.jar, file:/home/icy/.gradle/caches/modules-2/files-2.1/org.springframework/spring-expression/5.1.4.RELEASE/1abbfd04a7d472811582bb3780ea4d871442d49c/spring-expression-5.1.4.RELEASE.jar, file:/home/icy/.gradle/caches/modules-2/files-2.1/org.springframework/spring-aop/5.1.4.RELEASE/57a8c4ab2ff3233095da24c58c30aa75a7a82069/spring-aop-5.1.4.RELEASE.jar, file:/home/icy/.gradle/caches/modules-2/files-2.1/org.springframework/spring-beans/5.1.4.RELEASE/507c9391e0b786704929453e7fd3a74cfba46534/spring-beans-5.1.4.RELEASE.jar, file:/home/icy/.gradle/caches/modules-2/files-2.1/org.springframework/spring-core/5.1.4.RELEASE/e7d2ad03a50ebff117a6efe2e0e3f15946d0768a/spring-core-5.1.4.RELEASE.jar, file:/home/icy/.gradle/caches/modules-2/files-2.1/org.xmlunit/xmlunit-core/2.6.2/b0461888cdd8d3975ea8a57df96520409cadcb6c/xmlunit-core-2.6.2.jar, file:/home/icy/.gradle/caches/modules-2/files-2.1/org.aspectj/aspectjweaver/1.9.2/d2502817521477faf0712c49a6ee2a5388787fc7/aspectjweaver-1.9.2.jar, file:/home/icy/.gradle/caches/modules-2/files-2.1/javax.activation/javax.activation-api/1.2.0/85262acf3ca9816f9537ca47d5adeabaead7cb16/javax.activation-api-1.2.0.jar, file:/home/icy/.gradle/caches/modules-2/files-2.1/org.hibernate.common/hibernate-commons-annotations/5.0.4.Final/965a18fdf939ee75e41f7918532d37b3a8350535/hibernate-commons-annotations-5.0.4.Final.jar, file:/home/icy/.gradle/caches/modules-2/files-2.1/org.jboss.logging/jboss-logging/3.3.2.Final/3789d00e859632e6c6206adc0c71625559e6e3b0/jboss-logging-3.3.2.Final.jar, file:/home/icy/.gradle/caches/modules-2/files-2.1/javax.persistence/javax.persistence-api/2.2/25665ac8c0b62f50e6488173233239120fc52c96/javax.persistence-api-2.2.jar, file:/home/icy/.gradle/caches/modules-2/files-2.1/org.javassist/javassist/3.23.1-GA/c072c13dcb7f705471c40bafb1536171df850ab2/javassist-3.23.1-GA.jar, file:/home/icy/.gradle/caches/modules-2/files-2.1/net.bytebuddy/byte-buddy/1.9.7/8fea78fea6449e1738b675cb155ce8422661e237/byte-buddy-1.9.7.jar, file:/home/icy/.gradle/caches/modules-2/files-2.1/antlr/antlr/2.7.7/83cd2cd674a217ade95a4bb83a8a14f351f48bd0/antlr-2.7.7.jar, file:/home/icy/.gradle/caches/modules-2/files-2.1/org.jboss/jandex/2.0.5.Final/7060f67764565b9ee9d467e3ed0cb8a9c601b23a/jandex-2.0.5.Final.jar, file:/home/icy/.gradle/caches/modules-2/files-2.1/com.fasterxml/classmate/1.4.0/291658ac2ce2476256c7115943652c0accb5c857/classmate-1.4.0.jar, file:/home/icy/.gradle/caches/modules-2/files-2.1/org.dom4j/dom4j/2.1.1/3dce5dbb3571aa820c677fadd8349bfa8f00c199/dom4j-2.1.1.jar, file:/home/icy/.gradle/caches/modules-2/files-2.1/org.springframework.boot/spring-boot-starter-logging/2.1.2.RELEASE/4179271aa0ef84f0329a674f6fc83cebc75caea8/spring-boot-starter-logging-2.1.2.RELEASE.jar, file:/home/icy/.gradle/caches/modules-2/files-2.1/ch.qos.logback/logback-classic/1.2.3/7c4f3c474fb2c041d8028740440937705ebb473a/logback-classic-1.2.3.jar, file:/home/icy/.gradle/caches/modules-2/files-2.1/org.apache.logging.log4j/log4j-to-slf4j/2.11.1/1097acadf76aa4dd721ec5807566003ae9d975de/log4j-to-slf4j-2.11.1.jar, file:/home/icy/.gradle/caches/modules-2/files-2.1/org.slf4j/jul-to-slf4j/1.7.25/af5364cd6679bfffb114f0dec8a157aaa283b76/jul-to-slf4j-1.7.25.jar, file:/home/icy/.gradle/caches/modules-2/files-2.1/org.slf4j/slf4j-api/1.7.25/da76ca59f6a57ee3102f8f9bd9cee742973efa8a/slf4j-api-1.7.25.jar, file:/home/icy/.gradle/caches/modules-2/files-2.1/javax.annotation/javax.annotation-api/1.3.2/934c04d3cfef185a8008e7bf34331b79730a9d43/javax.annotation-api-1.3.2.jar, file:/home/icy/.gradle/caches/modules-2/files-2.1/org.yaml/snakeyaml/1.23/ec62d74fe50689c28c0ff5b35d3aebcaa8b5be68/snakeyaml-1.23.jar, file:/home/icy/.gradle/caches/modules-2/files-2.1/com.fasterxml.jackson.datatype/jackson-datatype-jdk8/2.9.8/bcd02aa9195390e23747ed40bf76be869ad3a2fb/jackson-datatype-jdk8-2.9.8.jar, file:/home/icy/.gradle/caches/modules-2/files-2.1/com.fasterxml.jackson.datatype/jackson-datatype-jsr310/2.9.8/28ad1bced632ba338e51c825a652f6e11a8e6eac/jackson-datatype-jsr310-2.9.8.jar, file:/home/icy/.gradle/caches/modules-2/files-2.1/com.fasterxml.jackson.module/jackson-module-parameter-names/2.9.8/c4eef0e6e20d60fb27af4bc4770dba7bcc3f6de6/jackson-module-parameter-names-2.9.8.jar, file:/home/icy/.gradle/caches/modules-2/files-2.1/com.fasterxml.jackson.core/jackson-databind/2.9.8/11283f21cc480aa86c4df7a0a3243ec508372ed2/jackson-databind-2.9.8.jar, file:/home/icy/.gradle/caches/modules-2/files-2.1/org.apache.tomcat.embed/tomcat-embed-websocket/9.0.14/aef4066cffd9eac43c4882f280046b2b120dff4a/tomcat-embed-websocket-9.0.14.jar, file:/home/icy/.gradle/caches/modules-2/files-2.1/org.apache.tomcat.embed/tomcat-embed-core/9.0.14/c3959b59158063aeb4f090752a2410d4574b93d7/tomcat-embed-core-9.0.14.jar, file:/home/icy/.gradle/caches/modules-2/files-2.1/org.apache.tomcat.embed/tomcat-embed-el/9.0.14/9215cdff4e09fba2ae5d28118fd1b1bc9732de6a/tomcat-embed-el-9.0.14.jar, file:/home/icy/.gradle/caches/modules-2/files-2.1/javax.validation/validation-api/2.0.1.Final/cb855558e6271b1b32e716d24cb85c7f583ce09e/validation-api-2.0.1.Final.jar, file:/home/icy/.gradle/caches/modules-2/files-2.1/net.minidev/json-smart/2.3/7396407491352ce4fa30de92efb158adb76b5b/json-smart-2.3.jar, file:/home/icy/.gradle/caches/modules-2/files-2.1/net.bytebuddy/byte-buddy-agent/1.9.7/8e7d1b599f4943851ffea125fd9780e572727fc0/byte-buddy-agent-1.9.7.jar, file:/home/icy/.gradle/caches/modules-2/files-2.1/org.objenesis/objenesis/2.6/639033469776fd37c08358c6b92a4761feb2af4b/objenesis-2.6.jar, file:/home/icy/.gradle/caches/modules-2/files-2.1/com.vaadin.external.google/android-json/0.0.20131108.vaadin1/fa26d351fe62a6a17f5cda1287c1c6110dec413f/android-json-0.0.20131108.vaadin1.jar, file:/home/icy/.gradle/caches/modules-2/files-2.1/org.springframework/spring-jcl/5.1.4.RELEASE/f5a25caae583905203959abf35fdd1ab7a8f2c37/spring-jcl-5.1.4.RELEASE.jar, file:/home/icy/.gradle/caches/modules-2/files-2.1/com.fasterxml.jackson.core/jackson-annotations/2.9.0/7c10d545325e3a6e72e06381afe469fd40eb701/jackson-annotations-2.9.0.jar, file:/home/icy/.gradle/caches/modules-2/files-2.1/com.fasterxml.jackson.core/jackson-core/2.9.8/f5a654e4675769c716e5b387830d19b501ca191/jackson-core-2.9.8.jar, file:/home/icy/.gradle/caches/modules-2/files-2.1/net.minidev/accessors-smart/1.2/c592b500269bfde36096641b01238a8350f8aa31/accessors-smart-1.2.jar, file:/home/icy/.gradle/caches/modules-2/files-2.1/ch.qos.logback/logback-core/1.2.3/864344400c3d4d92dfeb0a305dc87d953677c03c/logback-core-1.2.3.jar, file:/home/icy/.gradle/caches/modules-2/files-2.1/org.apache.logging.log4j/log4j-api/2.11.1/268f0fe4df3eefe052b57c87ec48517d64fb2a10/log4j-api-2.11.1.jar, file:/home/icy/.gradle/caches/modules-2/files-2.1/org.ow2.asm/asm/5.0.4/da08b8cce7bbf903602a25a3a163ae252435795/asm-5.0.4.jar]

  .   ____          _            __ _ _
 /\\ / ___'_ __ _ _(_)_ __  __ _ \ \ \ \
( ( )\___ | '_ | '_| | '_ \/ _` | \ \ \ \
 \\/  ___)| |_)| | | | | || (_| |  ) ) ) )
  '  |____| .__|_| |_|_| |_\__, | / / / /
 =========|_|==============|___/=/_/_/_/
?[32m :: Spring Boot :: ?[39m      ?[2m (v2.1.2.RELEASE)?[0;39m

?[2m2019-02-19 22:24:06.306?[0;39m ?[32m INFO?[0;39m ?[35m20986?[0;39m ?[2m---?[0;39m ?[2m[    Test worker]?[0;39m ?[36ml.p.repository.CourseRepositoryTest     ?[0;39m ?[2m:?[0;39m Starting CourseRepositoryTest on ascension with PID 20986 (started by icy in /home/icy/source/java/spring-masterclass/data-persistence/03_jpa_hibernate)
?[2m2019-02-19 22:24:06.310?[0;39m ?[32m INFO?[0;39m ?[35m20986?[0;39m ?[2m---?[0;39m ?[2m[    Test worker]?[0;39m ?[36ml.p.repository.CourseRepositoryTest     ?[0;39m ?[2m:?[0;39m No active profile set, falling back to default profiles: default
?[2m2019-02-19 22:24:06.312?[0;39m ?[32mDEBUG?[0;39m ?[35m20986?[0;39m ?[2m---?[0;39m ?[2m[    Test worker]?[0;39m ?[36mo.s.boot.SpringApplication              ?[0;39m ?[2m:?[0;39m Loading source class learn.programming.DataPersistenceApplication
?[2m2019-02-19 22:24:06.910?[0;39m ?[32mDEBUG?[0;39m ?[35m20986?[0;39m ?[2m---?[0;39m ?[2m[    Test worker]?[0;39m ?[36mo.s.b.c.c.ConfigFileApplicationListener ?[0;39m ?[2m:?[0;39m Loaded config file 'file:/home/icy/source/java/spring-masterclass/data-persistence/03_jpa_hibernate/build/resources/test/application.properties' (classpath:/application.properties)
?[2m2019-02-19 22:24:06.922?[0;39m ?[32mDEBUG?[0;39m ?[35m20986?[0;39m ?[2m---?[0;39m ?[2m[    Test worker]?[0;39m ?[36mo.s.w.c.s.GenericWebApplicationContext  ?[0;39m ?[2m:?[0;39m Refreshing org.springframework.web.context.support.GenericWebApplicationContext@43f5f128
?[2m2019-02-19 22:24:06.978?[0;39m ?[32mDEBUG?[0;39m ?[35m20986?[0;39m ?[2m---?[0;39m ?[2m[    Test worker]?[0;39m ?[36mo.s.b.f.s.DefaultListableBeanFactory    ?[0;39m ?[2m:?[0;39m Creating shared instance of singleton bean 'org.springframework.context.annotation.internalConfigurationAnnotationProcessor'
?[2m2019-02-19 22:24:07.028?[0;39m ?[32mDEBUG?[0;39m ?[35m20986?[0;39m ?[2m---?[0;39m ?[2m[    Test worker]?[0;39m ?[36mo.s.b.f.s.DefaultListableBeanFactory    ?[0;39m ?[2m:?[0;39m Creating shared instance of singleton bean 'org.springframework.boot.autoconfigure.internalCachingMetadataReaderFactory'
?[2m2019-02-19 22:24:07.189?[0;39m ?[32mDEBUG?[0;39m ?[35m20986?[0;39m ?[2m---?[0;39m ?[2m[    Test worker]?[0;39m ?[36mo.s.c.a.ClassPathBeanDefinitionScanner  ?[0;39m ?[2m:?[0;39m Identified candidate component class: file [/home/icy/source/java/spring-masterclass/data-persistence/03_jpa_hibernate/build/classes/java/main/learn/programming/repository/CourseRepository.class]
?[2m2019-02-19 22:24:07.518?[0;39m ?[32mDEBUG?[0;39m ?[35m20986?[0;39m ?[2m---?[0;39m ?[2m[    Test worker]?[0;39m ?[36mo.s.c.e.PropertySourcesPropertyResolver ?[0;39m ?[2m:?[0;39m Found key 'spring.jmx.enabled' in PropertySource 'configurationProperties' with value of type String
?[2m2019-02-19 22:24:07.587?[0;39m ?[32mDEBUG?[0;39m ?[35m20986?[0;39m ?[2m---?[0;39m ?[2m[    Test worker]?[0;39m ?[36mo.s.c.e.PropertySourcesPropertyResolver ?[0;39m ?[2m:?[0;39m Found key 'spring.jmx.enabled' in PropertySource 'configurationProperties' with value of type String
?[2m2019-02-19 22:24:07.751?[0;39m ?[32mDEBUG?[0;39m ?[35m20986?[0;39m ?[2m---?[0;39m ?[2m[    Test worker]?[0;39m ?[36mo.s.c.e.PropertySourcesPropertyResolver ?[0;39m ?[2m:?[0;39m Found key 'spring.h2.console.enabled' in PropertySource 'configurationProperties' with value of type String
?[2m2019-02-19 22:24:07.848?[0;39m ?[32mDEBUG?[0;39m ?[35m20986?[0;39m ?[2m---?[0;39m ?[2m[    Test worker]?[0;39m ?[36mo.s.b.f.s.DefaultListableBeanFactory    ?[0;39m ?[2m:?[0;39m Creating shared instance of singleton bean 'org.springframework.boot.autoconfigure.condition.BeanTypeRegistry'
?[2m2019-02-19 22:24:08.117?[0;39m ?[32m INFO?[0;39m ?[35m20986?[0;39m ?[2m---?[0;39m ?[2m[    Test worker]?[0;39m ?[36m.s.d.r.c.RepositoryConfigurationDelegate?[0;39m ?[2m:?[0;39m Bootstrapping Spring Data repositories in DEFAULT mode.
?[2m2019-02-19 22:24:08.132?[0;39m ?[32mDEBUG?[0;39m ?[35m20986?[0;39m ?[2m---?[0;39m ?[2m[    Test worker]?[0;39m ?[36mo.s.b.f.s.DefaultListableBeanFactory    ?[0;39m ?[2m:?[0;39m Creating shared instance of singleton bean 'org.springframework.boot.autoconfigure.AutoConfigurationPackages'
?[2m2019-02-19 22:24:08.147?[0;39m ?[32mDEBUG?[0;39m ?[35m20986?[0;39m ?[2m---?[0;39m ?[2m[    Test worker]?[0;39m ?[36mo.s.b.a.AutoConfigurationPackages       ?[0;39m ?[2m:?[0;39m @EnableAutoConfiguration was declared on a class in the package 'learn.programming'. Automatic @Repository and @Entity scanning is enabled.
?[2m2019-02-19 22:24:08.152?[0;39m ?[32mDEBUG?[0;39m ?[35m20986?[0;39m ?[2m---?[0;39m ?[2m[    Test worker]?[0;39m ?[36m.s.d.r.c.RepositoryConfigurationDelegate?[0;39m ?[2m:?[0;39m Scanning for repositories in packages learn.programming.
?[2m2019-02-19 22:24:08.167?[0;39m ?[32m INFO?[0;39m ?[35m20986?[0;39m ?[2m---?[0;39m ?[2m[    Test worker]?[0;39m ?[36m.s.d.r.c.RepositoryConfigurationDelegate?[0;39m ?[2m:?[0;39m Finished Spring Data repository scanning in 13ms. Found 0 repository interfaces.
?[2m2019-02-19 22:24:08.219?[0;39m ?[32mDEBUG?[0;39m ?[35m20986?[0;39m ?[2m---?[0;39m ?[2m[    Test worker]?[0;39m ?[36mo.s.c.e.PropertySourcesPropertyResolver ?[0;39m ?[2m:?[0;39m Found key 'spring.h2.console.enabled' in PropertySource 'configurationProperties' with value of type String
?[2m2019-02-19 22:24:08.658?[0;39m ?[32mDEBUG?[0;39m ?[35m20986?[0;39m ?[2m---?[0;39m ?[2m[    Test worker]?[0;39m ?[36mo.s.b.f.s.DefaultListableBeanFactory    ?[0;39m ?[2m:?[0;39m Creating shared instance of singleton bean 'propertySourcesPlaceholderConfigurer'
?[2m2019-02-19 22:24:08.668?[0;39m ?[32mDEBUG?[0;39m ?[35m20986?[0;39m ?[2m---?[0;39m ?[2m[    Test worker]?[0;39m ?[36mo.s.b.f.s.DefaultListableBeanFactory    ?[0;39m ?[2m:?[0;39m Creating shared instance of singleton bean 'org.spockframework.spring.mock.SpockMockPostprocessor'
?[2m2019-02-19 22:24:08.676?[0;39m ?[32mDEBUG?[0;39m ?[35m20986?[0;39m ?[2m---?[0;39m ?[2m[    Test worker]?[0;39m ?[36mo.s.b.f.s.DefaultListableBeanFactory    ?[0;39m ?[2m:?[0;39m Creating shared instance of singleton bean 'org.springframework.boot.test.mock.mockito.MockitoPostProcessor'
?[2m2019-02-19 22:24:08.678?[0;39m ?[32mDEBUG?[0;39m ?[35m20986?[0;39m ?[2m---?[0;39m ?[2m[    Test worker]?[0;39m ?[36mo.s.b.f.s.DefaultListableBeanFactory    ?[0;39m ?[2m:?[0;39m Creating shared instance of singleton bean 'emBeanDefinitionRegistrarPostProcessor'
?[2m2019-02-19 22:24:08.745?[0;39m ?[32mDEBUG?[0;39m ?[35m20986?[0;39m ?[2m---?[0;39m ?[2m[    Test worker]?[0;39m ?[36mo.s.b.f.s.DefaultListableBeanFactory    ?[0;39m ?[2m:?[0;39m Creating shared instance of singleton bean 'org.springframework.context.event.internalEventListenerProcessor'
?[2m2019-02-19 22:24:08.748?[0;39m ?[32mDEBUG?[0;39m ?[35m20986?[0;39m ?[2m---?[0;39m ?[2m[    Test worker]?[0;39m ?[36mo.s.b.f.s.DefaultListableBeanFactory    ?[0;39m ?[2m:?[0;39m Creating shared instance of singleton bean 'org.springframework.boot.context.properties.ConfigurationBeanFactoryMetadata'
?[2m2019-02-19 22:24:08.749?[0;39m ?[32mDEBUG?[0;39m ?[35m20986?[0;39m ?[2m---?[0;39m ?[2m[    Test worker]?[0;39m ?[36mo.s.b.f.s.DefaultListableBeanFactory    ?[0;39m ?[2m:?[0;39m Creating shared instance of singleton bean 'preserveErrorControllerTargetClassPostProcessor'
?[2m2019-02-19 22:24:08.753?[0;39m ?[32mDEBUG?[0;39m ?[35m20986?[0;39m ?[2m---?[0;39m ?[2m[    Test worker]?[0;39m ?[36mo.s.b.f.s.DefaultListableBeanFactory    ?[0;39m ?[2m:?[0;39m Creating shared instance of singleton bean 'org.springframework.context.event.internalEventListenerFactory'
?[2m2019-02-19 22:24:08.754?[0;39m ?[32mDEBUG?[0;39m ?[35m20986?[0;39m ?[2m---?[0;39m ?[2m[    Test worker]?[0;39m ?[36mo.s.b.f.s.DefaultListableBeanFactory    ?[0;39m ?[2m:?[0;39m Creating shared instance of singleton bean 'org.springframework.transaction.config.internalTransactionalEventListenerFactory'
?[2m2019-02-19 22:24:08.770?[0;39m ?[32mDEBUG?[0;39m ?[35m20986?[0;39m ?[2m---?[0;39m ?[2m[    Test worker]?[0;39m ?[36mo.s.b.f.s.DefaultListableBeanFactory    ?[0;39m ?[2m:?[0;39m Creating shared instance of singleton bean 'org.spockframework.spring.mock.SpockMockPostprocessor$SpyPostProcessor'
?[2m2019-02-19 22:24:08.772?[0;39m ?[32mDEBUG?[0;39m ?[35m20986?[0;39m ?[2m---?[0;39m ?[2m[    Test worker]?[0;39m ?[36mo.s.b.f.s.DefaultListableBeanFactory    ?[0;39m ?[2m:?[0;39m Creating shared instance of singleton bean 'org.springframework.boot.test.mock.mockito.MockitoPostProcessor$SpyPostProcessor'
?[2m2019-02-19 22:24:08.773?[0;39m ?[32mDEBUG?[0;39m ?[35m20986?[0;39m ?[2m---?[0;39m ?[2m[    Test worker]?[0;39m ?[36mo.s.b.f.s.DefaultListableBeanFactory    ?[0;39m ?[2m:?[0;39m Creating shared instance of singleton bean 'org.springframework.context.annotation.internalAutowiredAnnotationProcessor'
?[2m2019-02-19 22:24:08.775?[0;39m ?[32mDEBUG?[0;39m ?[35m20986?[0;39m ?[2m---?[0;39m ?[2m[    Test worker]?[0;39m ?[36mo.s.b.f.s.DefaultListableBeanFactory    ?[0;39m ?[2m:?[0;39m Creating shared instance of singleton bean 'org.springframework.context.annotation.internalCommonAnnotationProcessor'
?[2m2019-02-19 22:24:08.780?[0;39m ?[32mDEBUG?[0;39m ?[35m20986?[0;39m ?[2m---?[0;39m ?[2m[    Test worker]?[0;39m ?[36mo.s.b.f.s.DefaultListableBeanFactory    ?[0;39m ?[2m:?[0;39m Creating shared instance of singleton bean 'org.springframework.context.annotation.internalPersistenceAnnotationProcessor'
?[2m2019-02-19 22:24:08.781?[0;39m ?[32mDEBUG?[0;39m ?[35m20986?[0;39m ?[2m---?[0;39m ?[2m[    Test worker]?[0;39m ?[36mo.s.b.f.s.DefaultListableBeanFactory    ?[0;39m ?[2m:?[0;39m Creating shared instance of singleton bean 'org.springframework.boot.context.properties.ConfigurationPropertiesBindingPostProcessor'
?[2m2019-02-19 22:24:08.786?[0;39m ?[32mDEBUG?[0;39m ?[35m20986?[0;39m ?[2m---?[0;39m ?[2m[    Test worker]?[0;39m ?[36mo.s.b.f.s.DefaultListableBeanFactory    ?[0;39m ?[2m:?[0;39m Creating shared instance of singleton bean 'methodValidationPostProcessor'
?[2m2019-02-19 22:24:08.812?[0;39m ?[32mDEBUG?[0;39m ?[35m20986?[0;39m ?[2m---?[0;39m ?[2m[    Test worker]?[0;39m ?[36mo.s.b.f.s.DefaultListableBeanFactory    ?[0;39m ?[2m:?[0;39m Autowiring by type from bean name 'methodValidationPostProcessor' via factory method to bean named 'environment'
?[2m2019-02-19 22:24:08.842?[0;39m ?[32mDEBUG?[0;39m ?[35m20986?[0;39m ?[2m---?[0;39m ?[2m[    Test worker]?[0;39m ?[36mo.s.b.f.s.DefaultListableBeanFactory    ?[0;39m ?[2m:?[0;39m Creating shared instance of singleton bean 'org.springframework.aop.config.internalAutoProxyCreator'
?[2m2019-02-19 22:24:08.872?[0;39m ?[32mDEBUG?[0;39m ?[35m20986?[0;39m ?[2m---?[0;39m ?[2m[    Test worker]?[0;39m ?[36mo.s.b.f.s.DefaultListableBeanFactory    ?[0;39m ?[2m:?[0;39m Creating shared instance of singleton bean 'dataSourceInitializerPostProcessor'
?[2m2019-02-19 22:24:08.880?[0;39m ?[32mDEBUG?[0;39m ?[35m20986?[0;39m ?[2m---?[0;39m ?[2m[    Test worker]?[0;39m ?[36mo.s.b.f.s.DefaultListableBeanFactory    ?[0;39m ?[2m:?[0;39m Creating shared instance of singleton bean 'persistenceExceptionTranslationPostProcessor'
?[2m2019-02-19 22:24:08.882?[0;39m ?[32mDEBUG?[0;39m ?[35m20986?[0;39m ?[2m---?[0;39m ?[2m[    Test worker]?[0;39m ?[36mo.s.b.f.s.DefaultListableBeanFactory    ?[0;39m ?[2m:?[0;39m Autowiring by type from bean name 'persistenceExceptionTranslationPostProcessor' via factory method to bean named 'environment'
?[2m2019-02-19 22:24:08.896?[0;39m ?[32mDEBUG?[0;39m ?[35m20986?[0;39m ?[2m---?[0;39m ?[2m[    Test worker]?[0;39m ?[36mo.s.b.f.s.DefaultListableBeanFactory    ?[0;39m ?[2m:?[0;39m Creating shared instance of singleton bean 'webServerFactoryCustomizerBeanPostProcessor'
?[2m2019-02-19 22:24:08.900?[0;39m ?[32mDEBUG?[0;39m ?[35m20986?[0;39m ?[2m---?[0;39m ?[2m[    Test worker]?[0;39m ?[36mo.s.b.f.s.DefaultListableBeanFactory    ?[0;39m ?[2m:?[0;39m Creating shared instance of singleton bean 'errorPageRegistrarBeanPostProcessor'
?[2m2019-02-19 22:24:08.904?[0;39m ?[32mDEBUG?[0;39m ?[35m20986?[0;39m ?[2m---?[0;39m ?[2m[    Test worker]?[0;39m ?[36mo.s.b.f.s.DefaultListableBeanFactory    ?[0;39m ?[2m:?[0;39m Creating shared instance of singleton bean 'dataSourceInitializedPublisher'
?[2m2019-02-19 22:24:08.908?[0;39m ?[32mDEBUG?[0;39m ?[35m20986?[0;39m ?[2m---?[0;39m ?[2m[    Test worker]?[0;39m ?[36mo.s.b.f.s.DefaultListableBeanFactory    ?[0;39m ?[2m:?[0;39m Creating shared instance of singleton bean 'projectingArgumentResolverBeanPostProcessor'
?[2m2019-02-19 22:24:08.911?[0;39m ?[32mDEBUG?[0;39m ?[35m20986?[0;39m ?[2m---?[0;39m ?[2m[    Test worker]?[0;39m ?[36mo.s.b.f.s.DefaultListableBeanFactory    ?[0;39m ?[2m:?[0;39m Creating shared instance of singleton bean 'org.springframework.transaction.config.internalTransactionAdvisor'
?[2m2019-02-19 22:24:08.912?[0;39m ?[32mDEBUG?[0;39m ?[35m20986?[0;39m ?[2m---?[0;39m ?[2m[    Test worker]?[0;39m ?[36mo.s.b.f.s.DefaultListableBeanFactory    ?[0;39m ?[2m:?[0;39m Creating shared instance of singleton bean 'org.springframework.transaction.annotation.ProxyTransactionManagementConfiguration'
?[2m2019-02-19 22:24:09.025?[0;39m ?[32m INFO?[0;39m ?[35m20986?[0;39m ?[2m---?[0;39m ?[2m[    Test worker]?[0;39m ?[36mtrationDelegate$BeanPostProcessorChecker?[0;39m ?[2m:?[0;39m Bean 'org.springframework.transaction.annotation.ProxyTransactionManagementConfiguration' of type [org.springframework.transaction.annotation.ProxyTransactionManagementConfiguration$$EnhancerBySpringCGLIB$$58907ec8] is not eligible for getting processed by all BeanPostProcessors (for example: not eligible for auto-proxying)
?[2m2019-02-19 22:24:09.043?[0;39m ?[32mDEBUG?[0;39m ?[35m20986?[0;39m ?[2m---?[0;39m ?[2m[    Test worker]?[0;39m ?[36mo.s.b.f.s.DefaultListableBeanFactory    ?[0;39m ?[2m:?[0;39m Creating shared instance of singleton bean 'transactionAttributeSource'
?[2m2019-02-19 22:24:09.051?[0;39m ?[32mDEBUG?[0;39m ?[35m20986?[0;39m ?[2m---?[0;39m ?[2m[    Test worker]?[0;39m ?[36mo.s.b.f.s.DefaultListableBeanFactory    ?[0;39m ?[2m:?[0;39m Creating shared instance of singleton bean 'transactionInterceptor'
?[2m2019-02-19 22:24:09.099?[0;39m ?[32mDEBUG?[0;39m ?[35m20986?[0;39m ?[2m---?[0;39m ?[2m[    Test worker]?[0;39m ?[36mo.s.u.c.s.UiApplicationContextUtils     ?[0;39m ?[2m:?[0;39m Unable to locate ThemeSource with name 'themeSource': using default [org.springframework.ui.context.support.ResourceBundleThemeSource@52afb154]
?[2m2019-02-19 22:24:09.103?[0;39m ?[32mDEBUG?[0;39m ?[35m20986?[0;39m ?[2m---?[0;39m ?[2m[    Test worker]?[0;39m ?[36mo.s.b.f.s.DefaultListableBeanFactory    ?[0;39m ?[2m:?[0;39m Creating shared instance of singleton bean 'entityManagerFactory'
?[2m2019-02-19 22:24:09.104?[0;39m ?[32mDEBUG?[0;39m ?[35m20986?[0;39m ?[2m---?[0;39m ?[2m[    Test worker]?[0;39m ?[36mo.s.b.f.s.DefaultListableBeanFactory    ?[0;39m ?[2m:?[0;39m Creating shared instance of singleton bean 'org.springframework.boot.autoconfigure.orm.jpa.HibernateJpaConfiguration'
?[2m2019-02-19 22:24:09.105?[0;39m ?[32mDEBUG?[0;39m ?[35m20986?[0;39m ?[2m---?[0;39m ?[2m[    Test worker]?[0;39m ?[36mocalVariableTableParameterNameDiscoverer?[0;39m ?[2m:?[0;39m Cannot find '.class' file for class [class org.springframework.boot.autoconfigure.orm.jpa.HibernateJpaConfiguration$$EnhancerBySpringCGLIB$$77674137] - unable to determine constructor/method parameter names
?[2m2019-02-19 22:24:09.108?[0;39m ?[32mDEBUG?[0;39m ?[35m20986?[0;39m ?[2m---?[0;39m ?[2m[    Test worker]?[0;39m ?[36mo.s.b.f.s.DefaultListableBeanFactory    ?[0;39m ?[2m:?[0;39m Creating shared instance of singleton bean 'dataSource'
?[2m2019-02-19 22:24:09.109?[0;39m ?[32mDEBUG?[0;39m ?[35m20986?[0;39m ?[2m---?[0;39m ?[2m[    Test worker]?[0;39m ?[36mo.s.b.f.s.DefaultListableBeanFactory    ?[0;39m ?[2m:?[0;39m Creating shared instance of singleton bean 'org.springframework.boot.autoconfigure.jdbc.DataSourceConfiguration$Hikari'
?[2m2019-02-19 22:24:09.117?[0;39m ?[32mDEBUG?[0;39m ?[35m20986?[0;39m ?[2m---?[0;39m ?[2m[    Test worker]?[0;39m ?[36mo.s.b.f.s.DefaultListableBeanFactory    ?[0;39m ?[2m:?[0;39m Creating shared instance of singleton bean 'spring.datasource-org.springframework.boot.autoconfigure.jdbc.DataSourceProperties'
?[2m2019-02-19 22:24:09.161?[0;39m ?[32mDEBUG?[0;39m ?[35m20986?[0;39m ?[2m---?[0;39m ?[2m[    Test worker]?[0;39m ?[36mo.s.b.f.s.DefaultListableBeanFactory    ?[0;39m ?[2m:?[0;39m Autowiring by type from bean name 'dataSource' via factory method to bean named 'spring.datasource-org.springframework.boot.autoconfigure.jdbc.DataSourceProperties'
?[2m2019-02-19 22:24:09.226?[0;39m ?[32mDEBUG?[0;39m ?[35m20986?[0;39m ?[2m---?[0;39m ?[2m[    Test worker]?[0;39m ?[36mo.s.b.f.s.DefaultListableBeanFactory    ?[0;39m ?[2m:?[0;39m Creating shared instance of singleton bean 'org.springframework.boot.autoconfigure.jdbc.DataSourceInitializerInvoker'
?[2m2019-02-19 22:24:09.232?[0;39m ?[32mDEBUG?[0;39m ?[35m20986?[0;39m ?[2m---?[0;39m ?[2m[    Test worker]?[0;39m ?[36mo.s.b.f.s.DefaultListableBeanFactory    ?[0;39m ?[2m:?[0;39m Autowiring by type from bean name 'org.springframework.boot.autoconfigure.jdbc.DataSourceInitializerInvoker' via constructor to bean named 'spring.datasource-org.springframework.boot.autoconfigure.jdbc.DataSourceProperties'
?[2m2019-02-19 22:24:09.232?[0;39m ?[32mDEBUG?[0;39m ?[35m20986?[0;39m ?[2m---?[0;39m ?[2m[    Test worker]?[0;39m ?[36mo.s.b.f.s.DefaultListableBeanFactory    ?[0;39m ?[2m:?[0;39m Autowiring by type from bean name 'org.springframework.boot.autoconfigure.jdbc.DataSourceInitializerInvoker' via constructor to bean named 'org.springframework.web.context.support.GenericWebApplicationContext@43f5f128'
?[2m2019-02-19 22:24:09.243?[0;39m ?[32mDEBUG?[0;39m ?[35m20986?[0;39m ?[2m---?[0;39m ?[2m[    Test worker]?[0;39m ?[36mo.s.b.f.s.DefaultListableBeanFactory    ?[0;39m ?[2m:?[0;39m Creating shared instance of singleton bean 'spring.jpa-org.springframework.boot.autoconfigure.orm.jpa.JpaProperties'
?[2m2019-02-19 22:24:09.262?[0;39m ?[32mDEBUG?[0;39m ?[35m20986?[0;39m ?[2m---?[0;39m ?[2m[    Test worker]?[0;39m ?[36mo.s.b.f.s.DefaultListableBeanFactory    ?[0;39m ?[2m:?[0;39m Creating shared instance of singleton bean 'spring.jpa.hibernate-org.springframework.boot.autoconfigure.orm.jpa.HibernateProperties'
?[2m2019-02-19 22:24:09.271?[0;39m ?[32mDEBUG?[0;39m ?[35m20986?[0;39m ?[2m---?[0;39m ?[2m[    Test worker]?[0;39m ?[36mo.s.b.f.s.DefaultListableBeanFactory    ?[0;39m ?[2m:?[0;39m Autowiring by type from bean name 'org.springframework.boot.autoconfigure.orm.jpa.HibernateJpaConfiguration' via constructor to bean named 'dataSource'
?[2m2019-02-19 22:24:09.272?[0;39m ?[32mDEBUG?[0;39m ?[35m20986?[0;39m ?[2m---?[0;39m ?[2m[    Test worker]?[0;39m ?[36mo.s.b.f.s.DefaultListableBeanFactory    ?[0;39m ?[2m:?[0;39m Autowiring by type from bean name 'org.springframework.boot.autoconfigure.orm.jpa.HibernateJpaConfiguration' via constructor to bean named 'spring.jpa-org.springframework.boot.autoconfigure.orm.jpa.JpaProperties'
?[2m2019-02-19 22:24:09.272?[0;39m ?[32mDEBUG?[0;39m ?[35m20986?[0;39m ?[2m---?[0;39m ?[2m[    Test worker]?[0;39m ?[36mo.s.b.f.s.DefaultListableBeanFactory    ?[0;39m ?[2m:?[0;39m Autowiring by type from bean name 'org.springframework.boot.autoconfigure.orm.jpa.HibernateJpaConfiguration' via constructor to bean named 'org.springframework.beans.factory.support.DefaultListableBeanFactory@704f5bb5'
?[2m2019-02-19 22:24:09.272?[0;39m ?[32mDEBUG?[0;39m ?[35m20986?[0;39m ?[2m---?[0;39m ?[2m[    Test worker]?[0;39m ?[36mo.s.b.f.s.DefaultListableBeanFactory    ?[0;39m ?[2m:?[0;39m Autowiring by type from bean name 'org.springframework.boot.autoconfigure.orm.jpa.HibernateJpaConfiguration' via constructor to bean named 'spring.jpa.hibernate-org.springframework.boot.autoconfigure.orm.jpa.HibernateProperties'
?[2m2019-02-19 22:24:09.277?[0;39m ?[32mDEBUG?[0;39m ?[35m20986?[0;39m ?[2m---?[0;39m ?[2m[    Test worker]?[0;39m ?[36mo.s.b.f.s.DefaultListableBeanFactory    ?[0;39m ?[2m:?[0;39m Creating shared instance of singleton bean 'platformTransactionManagerCustomizers'
?[2m2019-02-19 22:24:09.278?[0;39m ?[32mDEBUG?[0;39m ?[35m20986?[0;39m ?[2m---?[0;39m ?[2m[    Test worker]?[0;39m ?[36mo.s.b.f.s.DefaultListableBeanFactory    ?[0;39m ?[2m:?[0;39m Creating shared instance of singleton bean 'org.springframework.boot.autoconfigure.transaction.TransactionAutoConfiguration'
?[2m2019-02-19 22:24:09.294?[0;39m ?[32mDEBUG?[0;39m ?[35m20986?[0;39m ?[2m---?[0;39m ?[2m[    Test worker]?[0;39m ?[36mo.s.b.f.s.DefaultListableBeanFactory    ?[0;39m ?[2m:?[0;39m Creating shared instance of singleton bean 'spring.transaction-org.springframework.boot.autoconfigure.transaction.TransactionProperties'
?[2m2019-02-19 22:24:09.314?[0;39m ?[32mDEBUG?[0;39m ?[35m20986?[0;39m ?[2m---?[0;39m ?[2m[    Test worker]?[0;39m ?[36mo.s.b.f.s.DefaultListableBeanFactory    ?[0;39m ?[2m:?[0;39m Creating shared instance of singleton bean 'hikariPoolDataSourceMetadataProvider'
?[2m2019-02-19 22:24:09.314?[0;39m ?[32mDEBUG?[0;39m ?[35m20986?[0;39m ?[2m---?[0;39m ?[2m[    Test worker]?[0;39m ?[36mo.s.b.f.s.DefaultListableBeanFactory    ?[0;39m ?[2m:?[0;39m Creating shared instance of singleton bean 'org.springframework.boot.autoconfigure.jdbc.metadata.DataSourcePoolMetadataProvidersConfiguration$HikariPoolDataSourceMetadataProviderConfiguration'
?[2m2019-02-19 22:24:09.353?[0;39m ?[32mDEBUG?[0;39m ?[35m20986?[0;39m ?[2m---?[0;39m ?[2m[    Test worker]?[0;39m ?[36mo.s.b.f.s.DefaultListableBeanFactory    ?[0;39m ?[2m:?[0;39m Creating shared instance of singleton bean 'entityManagerFactoryBuilder'
?[2m2019-02-19 22:24:09.355?[0;39m ?[32mDEBUG?[0;39m ?[35m20986?[0;39m ?[2m---?[0;39m ?[2m[    Test worker]?[0;39m ?[36mo.s.b.f.s.DefaultListableBeanFactory    ?[0;39m ?[2m:?[0;39m Creating shared instance of singleton bean 'jpaVendorAdapter'
?[2m2019-02-19 22:24:09.388?[0;39m ?[32mDEBUG?[0;39m ?[35m20986?[0;39m ?[2m---?[0;39m ?[2m[    Test worker]?[0;39m ?[36mo.s.jdbc.datasource.DataSourceUtils     ?[0;39m ?[2m:?[0;39m Fetching JDBC Connection from DataSource
?[2m2019-02-19 22:24:09.389?[0;39m ?[32m INFO?[0;39m ?[35m20986?[0;39m ?[2m---?[0;39m ?[2m[    Test worker]?[0;39m ?[36mcom.zaxxer.hikari.HikariDataSource      ?[0;39m ?[2m:?[0;39m HikariPool-1 - Starting...
?[2m2019-02-19 22:24:09.563?[0;39m ?[32m INFO?[0;39m ?[35m20986?[0;39m ?[2m---?[0;39m ?[2m[    Test worker]?[0;39m ?[36mcom.zaxxer.hikari.HikariDataSource      ?[0;39m ?[2m:?[0;39m HikariPool-1 - Start completed.
?[2m2019-02-19 22:24:09.581?[0;39m ?[32mDEBUG?[0;39m ?[35m20986?[0;39m ?[2m---?[0;39m ?[2m[    Test worker]?[0;39m ?[36mo.s.b.f.s.DefaultListableBeanFactory    ?[0;39m ?[2m:?[0;39m Autowiring by type from bean name 'entityManagerFactoryBuilder' via factory method to bean named 'jpaVendorAdapter'
?[2m2019-02-19 22:24:09.592?[0;39m ?[32mDEBUG?[0;39m ?[35m20986?[0;39m ?[2m---?[0;39m ?[2m[    Test worker]?[0;39m ?[36mo.s.b.f.s.DefaultListableBeanFactory    ?[0;39m ?[2m:?[0;39m Autowiring by type from bean name 'entityManagerFactory' via factory method to bean named 'entityManagerFactoryBuilder'
?[2m2019-02-19 22:24:09.605?[0;39m ?[32mDEBUG?[0;39m ?[35m20986?[0;39m ?[2m---?[0;39m ?[2m[    Test worker]?[0;39m ?[36mo.s.jdbc.datasource.DataSourceUtils     ?[0;39m ?[2m:?[0;39m Fetching JDBC Connection from DataSource
?[2m2019-02-19 22:24:09.682?[0;39m ?[32mDEBUG?[0;39m ?[35m20986?[0;39m ?[2m---?[0;39m ?[2m[    Test worker]?[0;39m ?[36mj.LocalContainerEntityManagerFactoryBean?[0;39m ?[2m:?[0;39m Building JPA container EntityManagerFactory for persistence unit 'default'
?[2m2019-02-19 22:24:09.718?[0;39m ?[32m INFO?[0;39m ?[35m20986?[0;39m ?[2m---?[0;39m ?[2m[    Test worker]?[0;39m ?[36mo.hibernate.jpa.internal.util.LogHelper ?[0;39m ?[2m:?[0;39m HHH000204: Processing PersistenceUnitInfo [
	name: default
	...]
?[2m2019-02-19 22:24:09.825?[0;39m ?[32m INFO?[0;39m ?[35m20986?[0;39m ?[2m---?[0;39m ?[2m[    Test worker]?[0;39m ?[36morg.hibernate.Version                   ?[0;39m ?[2m:?[0;39m HHH000412: Hibernate Core {5.3.7.Final}
?[2m2019-02-19 22:24:09.826?[0;39m ?[32m INFO?[0;39m ?[35m20986?[0;39m ?[2m---?[0;39m ?[2m[    Test worker]?[0;39m ?[36morg.hibernate.cfg.Environment           ?[0;39m ?[2m:?[0;39m HHH000206: hibernate.properties not found
?[2m2019-02-19 22:24:10.048?[0;39m ?[32m INFO?[0;39m ?[35m20986?[0;39m ?[2m---?[0;39m ?[2m[    Test worker]?[0;39m ?[36mo.hibernate.annotations.common.Version  ?[0;39m ?[2m:?[0;39m HCANN000001: Hibernate Commons Annotations {5.0.4.Final}
?[2m2019-02-19 22:24:10.091?[0;39m ?[32mDEBUG?[0;39m ?[35m20986?[0;39m ?[2m---?[0;39m ?[2m[    Test worker]?[0;39m ?[36morg.hibernate.type.BasicTypeRegistry    ?[0;39m ?[2m:?[0;39m Adding type registration boolean -> org.hibernate.type.BooleanType@2ccc13cb
?[2m2019-02-19 22:24:10.091?[0;39m ?[32mDEBUG?[0;39m ?[35m20986?[0;39m ?[2m---?[0;39m ?[2m[    Test worker]?[0;39m ?[36morg.hibernate.type.BasicTypeRegistry    ?[0;39m ?[2m:?[0;39m Adding type registration boolean -> org.hibernate.type.BooleanType@2ccc13cb
?[2m2019-02-19 22:24:10.092?[0;39m ?[32mDEBUG?[0;39m ?[35m20986?[0;39m ?[2m---?[0;39m ?[2m[    Test worker]?[0;39m ?[36morg.hibernate.type.BasicTypeRegistry    ?[0;39m ?[2m:?[0;39m Adding type registration java.lang.Boolean -> org.hibernate.type.BooleanType@2ccc13cb
?[2m2019-02-19 22:24:10.093?[0;39m ?[32mDEBUG?[0;39m ?[35m20986?[0;39m ?[2m---?[0;39m ?[2m[    Test worker]?[0;39m ?[36morg.hibernate.type.BasicTypeRegistry    ?[0;39m ?[2m:?[0;39m Adding type registration numeric_boolean -> org.hibernate.type.NumericBooleanType@431bc0e4
?[2m2019-02-19 22:24:10.095?[0;39m ?[32mDEBUG?[0;39m ?[35m20986?[0;39m ?[2m---?[0;39m ?[2m[    Test worker]?[0;39m ?[36morg.hibernate.type.BasicTypeRegistry    ?[0;39m ?[2m:?[0;39m Adding type registration true_false -> org.hibernate.type.TrueFalseType@3eded339
?[2m2019-02-19 22:24:10.096?[0;39m ?[32mDEBUG?[0;39m ?[35m20986?[0;39m ?[2m---?[0;39m ?[2m[    Test worker]?[0;39m ?[36morg.hibernate.type.BasicTypeRegistry    ?[0;39m ?[2m:?[0;39m Adding type registration yes_no -> org.hibernate.type.YesNoType@7d3552b4
?[2m2019-02-19 22:24:10.099?[0;39m ?[32mDEBUG?[0;39m ?[35m20986?[0;39m ?[2m---?[0;39m ?[2m[    Test worker]?[0;39m ?[36morg.hibernate.type.BasicTypeRegistry    ?[0;39m ?[2m:?[0;39m Adding type registration byte -> org.hibernate.type.ByteType@457110ac
?[2m2019-02-19 22:24:10.099?[0;39m ?[32mDEBUG?[0;39m ?[35m20986?[0;39m ?[2m---?[0;39m ?[2m[    Test worker]?[0;39m ?[36morg.hibernate.type.BasicTypeRegistry    ?[0;39m ?[2m:?[0;39m Adding type registration byte -> org.hibernate.type.ByteType@457110ac
?[2m2019-02-19 22:24:10.099?[0;39m ?[32mDEBUG?[0;39m ?[35m20986?[0;39m ?[2m---?[0;39m ?[2m[    Test worker]?[0;39m ?[36morg.hibernate.type.BasicTypeRegistry    ?[0;39m ?[2m:?[0;39m Adding type registration java.lang.Byte -> org.hibernate.type.ByteType@457110ac
?[2m2019-02-19 22:24:10.101?[0;39m ?[32mDEBUG?[0;39m ?[35m20986?[0;39m ?[2m---?[0;39m ?[2m[    Test worker]?[0;39m ?[36morg.hibernate.type.BasicTypeRegistry    ?[0;39m ?[2m:?[0;39m Adding type registration character -> org.hibernate.type.CharacterType@48e1b551
?[2m2019-02-19 22:24:10.102?[0;39m ?[32mDEBUG?[0;39m ?[35m20986?[0;39m ?[2m---?[0;39m ?[2m[    Test worker]?[0;39m ?[36morg.hibernate.type.BasicTypeRegistry    ?[0;39m ?[2m:?[0;39m Adding type registration char -> org.hibernate.type.CharacterType@48e1b551
?[2m2019-02-19 22:24:10.102?[0;39m ?[32mDEBUG?[0;39m ?[35m20986?[0;39m ?[2m---?[0;39m ?[2m[    Test worker]?[0;39m ?[36morg.hibernate.type.BasicTypeRegistry    ?[0;39m ?[2m:?[0;39m Adding type registration java.lang.Character -> org.hibernate.type.CharacterType@48e1b551
?[2m2019-02-19 22:24:10.105?[0;39m ?[32mDEBUG?[0;39m ?[35m20986?[0;39m ?[2m---?[0;39m ?[2m[    Test worker]?[0;39m ?[36morg.hibernate.type.BasicTypeRegistry    ?[0;39m ?[2m:?[0;39m Adding type registration short -> org.hibernate.type.ShortType@6f788dc1
?[2m2019-02-19 22:24:10.105?[0;39m ?[32mDEBUG?[0;39m ?[35m20986?[0;39m ?[2m---?[0;39m ?[2m[    Test worker]?[0;39m ?[36morg.hibernate.type.BasicTypeRegistry    ?[0;39m ?[2m:?[0;39m Adding type registration short -> org.hibernate.type.ShortType@6f788dc1
?[2m2019-02-19 22:24:10.106?[0;39m ?[32mDEBUG?[0;39m ?[35m20986?[0;39m ?[2m---?[0;39m ?[2m[    Test worker]?[0;39m ?[36morg.hibernate.type.BasicTypeRegistry    ?[0;39m ?[2m:?[0;39m Adding type registration java.lang.Short -> org.hibernate.type.ShortType@6f788dc1
?[2m2019-02-19 22:24:10.108?[0;39m ?[32mDEBUG?[0;39m ?[35m20986?[0;39m ?[2m---?[0;39m ?[2m[    Test worker]?[0;39m ?[36morg.hibernate.type.BasicTypeRegistry    ?[0;39m ?[2m:?[0;39m Adding type registration integer -> org.hibernate.type.IntegerType@2832a194
?[2m2019-02-19 22:24:10.109?[0;39m ?[32mDEBUG?[0;39m ?[35m20986?[0;39m ?[2m---?[0;39m ?[2m[    Test worker]?[0;39m ?[36morg.hibernate.type.BasicTypeRegistry    ?[0;39m ?[2m:?[0;39m Adding type registration int -> org.hibernate.type.IntegerType@2832a194
?[2m2019-02-19 22:24:10.109?[0;39m ?[32mDEBUG?[0;39m ?[35m20986?[0;39m ?[2m---?[0;39m ?[2m[    Test worker]?[0;39m ?[36morg.hibernate.type.BasicTypeRegistry    ?[0;39m ?[2m:?[0;39m Adding type registration java.lang.Integer -> org.hibernate.type.IntegerType@2832a194
?[2m2019-02-19 22:24:10.111?[0;39m ?[32mDEBUG?[0;39m ?[35m20986?[0;39m ?[2m---?[0;39m ?[2m[    Test worker]?[0;39m ?[36morg.hibernate.type.BasicTypeRegistry    ?[0;39m ?[2m:?[0;39m Adding type registration long -> org.hibernate.type.LongType@69bd1b5e
?[2m2019-02-19 22:24:10.112?[0;39m ?[32mDEBUG?[0;39m ?[35m20986?[0;39m ?[2m---?[0;39m ?[2m[    Test worker]?[0;39m ?[36morg.hibernate.type.BasicTypeRegistry    ?[0;39m ?[2m:?[0;39m Adding type registration long -> org.hibernate.type.LongType@69bd1b5e
?[2m2019-02-19 22:24:10.113?[0;39m ?[32mDEBUG?[0;39m ?[35m20986?[0;39m ?[2m---?[0;39m ?[2m[    Test worker]?[0;39m ?[36morg.hibernate.type.BasicTypeRegistry    ?[0;39m ?[2m:?[0;39m Adding type registration java.lang.Long -> org.hibernate.type.LongType@69bd1b5e
?[2m2019-02-19 22:24:10.115?[0;39m ?[32mDEBUG?[0;39m ?[35m20986?[0;39m ?[2m---?[0;39m ?[2m[    Test worker]?[0;39m ?[36morg.hibernate.type.BasicTypeRegistry    ?[0;39m ?[2m:?[0;39m Adding type registration float -> org.hibernate.type.FloatType@57f3c36b
?[2m2019-02-19 22:24:10.116?[0;39m ?[32mDEBUG?[0;39m ?[35m20986?[0;39m ?[2m---?[0;39m ?[2m[    Test worker]?[0;39m ?[36morg.hibernate.type.BasicTypeRegistry    ?[0;39m ?[2m:?[0;39m Adding type registration float -> org.hibernate.type.FloatType@57f3c36b
?[2m2019-02-19 22:24:10.116?[0;39m ?[32mDEBUG?[0;39m ?[35m20986?[0;39m ?[2m---?[0;39m ?[2m[    Test worker]?[0;39m ?[36morg.hibernate.type.BasicTypeRegistry    ?[0;39m ?[2m:?[0;39m Adding type registration java.lang.Float -> org.hibernate.type.FloatType@57f3c36b
?[2m2019-02-19 22:24:10.118?[0;39m ?[32mDEBUG?[0;39m ?[35m20986?[0;39m ?[2m---?[0;39m ?[2m[    Test worker]?[0;39m ?[36morg.hibernate.type.BasicTypeRegistry    ?[0;39m ?[2m:?[0;39m Adding type registration double -> org.hibernate.type.DoubleType@edb2de1
?[2m2019-02-19 22:24:10.119?[0;39m ?[32mDEBUG?[0;39m ?[35m20986?[0;39m ?[2m---?[0;39m ?[2m[    Test worker]?[0;39m ?[36morg.hibernate.type.BasicTypeRegistry    ?[0;39m ?[2m:?[0;39m Adding type registration double -> org.hibernate.type.DoubleType@edb2de1
?[2m2019-02-19 22:24:10.119?[0;39m ?[32mDEBUG?[0;39m ?[35m20986?[0;39m ?[2m---?[0;39m ?[2m[    Test worker]?[0;39m ?[36morg.hibernate.type.BasicTypeRegistry    ?[0;39m ?[2m:?[0;39m Adding type registration java.lang.Double -> org.hibernate.type.DoubleType@edb2de1
?[2m2019-02-19 22:24:10.121?[0;39m ?[32mDEBUG?[0;39m ?[35m20986?[0;39m ?[2m---?[0;39m ?[2m[    Test worker]?[0;39m ?[36morg.hibernate.type.BasicTypeRegistry    ?[0;39m ?[2m:?[0;39m Adding type registration big_decimal -> org.hibernate.type.BigDecimalType@29d32abd
?[2m2019-02-19 22:24:10.121?[0;39m ?[32mDEBUG?[0;39m ?[35m20986?[0;39m ?[2m---?[0;39m ?[2m[    Test worker]?[0;39m ?[36morg.hibernate.type.BasicTypeRegistry    ?[0;39m ?[2m:?[0;39m Adding type registration java.math.BigDecimal -> org.hibernate.type.BigDecimalType@29d32abd
?[2m2019-02-19 22:24:10.123?[0;39m ?[32mDEBUG?[0;39m ?[35m20986?[0;39m ?[2m---?[0;39m ?[2m[    Test worker]?[0;39m ?[36morg.hibernate.type.BasicTypeRegistry    ?[0;39m ?[2m:?[0;39m Adding type registration big_integer -> org.hibernate.type.BigIntegerType@1f38201c
?[2m2019-02-19 22:24:10.124?[0;39m ?[32mDEBUG?[0;39m ?[35m20986?[0;39m ?[2m---?[0;39m ?[2m[    Test worker]?[0;39m ?[36morg.hibernate.type.BasicTypeRegistry    ?[0;39m ?[2m:?[0;39m Adding type registration java.math.BigInteger -> org.hibernate.type.BigIntegerType@1f38201c
?[2m2019-02-19 22:24:10.125?[0;39m ?[32mDEBUG?[0;39m ?[35m20986?[0;39m ?[2m---?[0;39m ?[2m[    Test worker]?[0;39m ?[36morg.hibernate.type.BasicTypeRegistry    ?[0;39m ?[2m:?[0;39m Adding type registration string -> org.hibernate.type.StringType@6bdfd280
?[2m2019-02-19 22:24:10.126?[0;39m ?[32mDEBUG?[0;39m ?[35m20986?[0;39m ?[2m---?[0;39m ?[2m[    Test worker]?[0;39m ?[36morg.hibernate.type.BasicTypeRegistry    ?[0;39m ?[2m:?[0;39m Adding type registration java.lang.String -> org.hibernate.type.StringType@6bdfd280
?[2m2019-02-19 22:24:10.127?[0;39m ?[32mDEBUG?[0;39m ?[35m20986?[0;39m ?[2m---?[0;39m ?[2m[    Test worker]?[0;39m ?[36morg.hibernate.type.BasicTypeRegistry    ?[0;39m ?[2m:?[0;39m Adding type registration nstring -> org.hibernate.type.StringNVarcharType@39c37698
?[2m2019-02-19 22:24:10.129?[0;39m ?[32mDEBUG?[0;39m ?[35m20986?[0;39m ?[2m---?[0;39m ?[2m[    Test worker]?[0;39m ?[36morg.hibernate.type.BasicTypeRegistry    ?[0;39m ?[2m:?[0;39m Adding type registration ncharacter -> org.hibernate.type.CharacterNCharType@7230f1e
?[2m2019-02-19 22:24:10.131?[0;39m ?[32mDEBUG?[0;39m ?[35m20986?[0;39m ?[2m---?[0;39m ?[2m[    Test worker]?[0;39m ?[36morg.hibernate.type.BasicTypeRegistry    ?[0;39m ?[2m:?[0;39m Adding type registration url -> org.hibernate.type.UrlType@47c4df8a
?[2m2019-02-19 22:24:10.131?[0;39m ?[32mDEBUG?[0;39m ?[35m20986?[0;39m ?[2m---?[0;39m ?[2m[    Test worker]?[0;39m ?[36morg.hibernate.type.BasicTypeRegistry    ?[0;39m ?[2m:?[0;39m Adding type registration java.net.URL -> org.hibernate.type.UrlType@47c4df8a
?[2m2019-02-19 22:24:10.133?[0;39m ?[32mDEBUG?[0;39m ?[35m20986?[0;39m ?[2m---?[0;39m ?[2m[    Test worker]?[0;39m ?[36morg.hibernate.type.BasicTypeRegistry    ?[0;39m ?[2m:?[0;39m Adding type registration Duration -> org.hibernate.type.DurationType@53a2a631
?[2m2019-02-19 22:24:10.134?[0;39m ?[32mDEBUG?[0;39m ?[35m20986?[0;39m ?[2m---?[0;39m ?[2m[    Test worker]?[0;39m ?[36morg.hibernate.type.BasicTypeRegistry    ?[0;39m ?[2m:?[0;39m Adding type registration java.time.Duration -> org.hibernate.type.DurationType@53a2a631
?[2m2019-02-19 22:24:10.136?[0;39m ?[32mDEBUG?[0;39m ?[35m20986?[0;39m ?[2m---?[0;39m ?[2m[    Test worker]?[0;39m ?[36morg.hibernate.type.BasicTypeRegistry    ?[0;39m ?[2m:?[0;39m Adding type registration Instant -> org.hibernate.type.InstantType@3cc4a58e
?[2m2019-02-19 22:24:10.136?[0;39m ?[32mDEBUG?[0;39m ?[35m20986?[0;39m ?[2m---?[0;39m ?[2m[    Test worker]?[0;39m ?[36morg.hibernate.type.BasicTypeRegistry    ?[0;39m ?[2m:?[0;39m Adding type registration java.time.Instant -> org.hibernate.type.InstantType@3cc4a58e
?[2m2019-02-19 22:24:10.138?[0;39m ?[32mDEBUG?[0;39m ?[35m20986?[0;39m ?[2m---?[0;39m ?[2m[    Test worker]?[0;39m ?[36morg.hibernate.type.BasicTypeRegistry    ?[0;39m ?[2m:?[0;39m Adding type registration LocalDateTime -> org.hibernate.type.LocalDateTimeType@2ac7be4d
?[2m2019-02-19 22:24:10.139?[0;39m ?[32mDEBUG?[0;39m ?[35m20986?[0;39m ?[2m---?[0;39m ?[2m[    Test worker]?[0;39m ?[36morg.hibernate.type.BasicTypeRegistry    ?[0;39m ?[2m:?[0;39m Adding type registration java.time.LocalDateTime -> org.hibernate.type.LocalDateTimeType@2ac7be4d
?[2m2019-02-19 22:24:10.141?[0;39m ?[32mDEBUG?[0;39m ?[35m20986?[0;39m ?[2m---?[0;39m ?[2m[    Test worker]?[0;39m ?[36morg.hibernate.type.BasicTypeRegistry    ?[0;39m ?[2m:?[0;39m Adding type registration LocalDate -> org.hibernate.type.LocalDateType@3ffb97a
?[2m2019-02-19 22:24:10.142?[0;39m ?[32mDEBUG?[0;39m ?[35m20986?[0;39m ?[2m---?[0;39m ?[2m[    Test worker]?[0;39m ?[36morg.hibernate.type.BasicTypeRegistry    ?[0;39m ?[2m:?[0;39m Adding type registration java.time.LocalDate -> org.hibernate.type.LocalDateType@3ffb97a
?[2m2019-02-19 22:24:10.144?[0;39m ?[32mDEBUG?[0;39m ?[35m20986?[0;39m ?[2m---?[0;39m ?[2m[    Test worker]?[0;39m ?[36morg.hibernate.type.BasicTypeRegistry    ?[0;39m ?[2m:?[0;39m Adding type registration LocalTime -> org.hibernate.type.LocalTimeType@6d7eaba7
?[2m2019-02-19 22:24:10.145?[0;39m ?[32mDEBUG?[0;39m ?[35m20986?[0;39m ?[2m---?[0;39m ?[2m[    Test worker]?[0;39m ?[36morg.hibernate.type.BasicTypeRegistry    ?[0;39m ?[2m:?[0;39m Adding type registration java.time.LocalTime -> org.hibernate.type.LocalTimeType@6d7eaba7
?[2m2019-02-19 22:24:10.147?[0;39m ?[32mDEBUG?[0;39m ?[35m20986?[0;39m ?[2m---?[0;39m ?[2m[    Test worker]?[0;39m ?[36morg.hibernate.type.BasicTypeRegistry    ?[0;39m ?[2m:?[0;39m Adding type registration OffsetDateTime -> org.hibernate.type.OffsetDateTimeType@43e2d3a8
?[2m2019-02-19 22:24:10.147?[0;39m ?[32mDEBUG?[0;39m ?[35m20986?[0;39m ?[2m---?[0;39m ?[2m[    Test worker]?[0;39m ?[36morg.hibernate.type.BasicTypeRegistry    ?[0;39m ?[2m:?[0;39m Adding type registration java.time.OffsetDateTime -> org.hibernate.type.OffsetDateTimeType@43e2d3a8
?[2m2019-02-19 22:24:10.149?[0;39m ?[32mDEBUG?[0;39m ?[35m20986?[0;39m ?[2m---?[0;39m ?[2m[    Test worker]?[0;39m ?[36morg.hibernate.type.BasicTypeRegistry    ?[0;39m ?[2m:?[0;39m Adding type registration OffsetTime -> org.hibernate.type.OffsetTimeType@31cf68a8
?[2m2019-02-19 22:24:10.149?[0;39m ?[32mDEBUG?[0;39m ?[35m20986?[0;39m ?[2m---?[0;39m ?[2m[    Test worker]?[0;39m ?[36morg.hibernate.type.BasicTypeRegistry    ?[0;39m ?[2m:?[0;39m Adding type registration java.time.OffsetTime -> org.hibernate.type.OffsetTimeType@31cf68a8
?[2m2019-02-19 22:24:10.153?[0;39m ?[32mDEBUG?[0;39m ?[35m20986?[0;39m ?[2m---?[0;39m ?[2m[    Test worker]?[0;39m ?[36morg.hibernate.type.BasicTypeRegistry    ?[0;39m ?[2m:?[0;39m Adding type registration ZonedDateTime -> org.hibernate.type.ZonedDateTimeType@791d4262
?[2m2019-02-19 22:24:10.154?[0;39m ?[32mDEBUG?[0;39m ?[35m20986?[0;39m ?[2m---?[0;39m ?[2m[    Test worker]?[0;39m ?[36morg.hibernate.type.BasicTypeRegistry    ?[0;39m ?[2m:?[0;39m Adding type registration java.time.ZonedDateTime -> org.hibernate.type.ZonedDateTimeType@791d4262
?[2m2019-02-19 22:24:10.156?[0;39m ?[32mDEBUG?[0;39m ?[35m20986?[0;39m ?[2m---?[0;39m ?[2m[    Test worker]?[0;39m ?[36morg.hibernate.type.BasicTypeRegistry    ?[0;39m ?[2m:?[0;39m Adding type registration date -> org.hibernate.type.DateType@5158357a
?[2m2019-02-19 22:24:10.157?[0;39m ?[32mDEBUG?[0;39m ?[35m20986?[0;39m ?[2m---?[0;39m ?[2m[    Test worker]?[0;39m ?[36morg.hibernate.type.BasicTypeRegistry    ?[0;39m ?[2m:?[0;39m Adding type registration java.sql.Date -> org.hibernate.type.DateType@5158357a
?[2m2019-02-19 22:24:10.159?[0;39m ?[32mDEBUG?[0;39m ?[35m20986?[0;39m ?[2m---?[0;39m ?[2m[    Test worker]?[0;39m ?[36morg.hibernate.type.BasicTypeRegistry    ?[0;39m ?[2m:?[0;39m Adding type registration time -> org.hibernate.type.TimeType@525a40d4
?[2m2019-02-19 22:24:10.159?[0;39m ?[32mDEBUG?[0;39m ?[35m20986?[0;39m ?[2m---?[0;39m ?[2m[    Test worker]?[0;39m ?[36morg.hibernate.type.BasicTypeRegistry    ?[0;39m ?[2m:?[0;39m Adding type registration java.sql.Time -> org.hibernate.type.TimeType@525a40d4
?[2m2019-02-19 22:24:10.161?[0;39m ?[32mDEBUG?[0;39m ?[35m20986?[0;39m ?[2m---?[0;39m ?[2m[    Test worker]?[0;39m ?[36morg.hibernate.type.BasicTypeRegistry    ?[0;39m ?[2m:?[0;39m Adding type registration timestamp -> org.hibernate.type.TimestampType@2c7b05fd
?[2m2019-02-19 22:24:10.162?[0;39m ?[32mDEBUG?[0;39m ?[35m20986?[0;39m ?[2m---?[0;39m ?[2m[    Test worker]?[0;39m ?[36morg.hibernate.type.BasicTypeRegistry    ?[0;39m ?[2m:?[0;39m Adding type registration java.sql.Timestamp -> org.hibernate.type.TimestampType@2c7b05fd
?[2m2019-02-19 22:24:10.162?[0;39m ?[32mDEBUG?[0;39m ?[35m20986?[0;39m ?[2m---?[0;39m ?[2m[    Test worker]?[0;39m ?[36morg.hibernate.type.BasicTypeRegistry    ?[0;39m ?[2m:?[0;39m Adding type registration java.util.Date -> org.hibernate.type.TimestampType@2c7b05fd
?[2m2019-02-19 22:24:10.164?[0;39m ?[32mDEBUG?[0;39m ?[35m20986?[0;39m ?[2m---?[0;39m ?[2m[    Test worker]?[0;39m ?[36morg.hibernate.type.BasicTypeRegistry    ?[0;39m ?[2m:?[0;39m Adding type registration dbtimestamp -> org.hibernate.type.DbTimestampType@7d060cab
?[2m2019-02-19 22:24:10.165?[0;39m ?[32mDEBUG?[0;39m ?[35m20986?[0;39m ?[2m---?[0;39m ?[2m[    Test worker]?[0;39m ?[36morg.hibernate.type.BasicTypeRegistry    ?[0;39m ?[2m:?[0;39m Adding type registration calendar -> org.hibernate.type.CalendarType@655402f9
?[2m2019-02-19 22:24:10.166?[0;39m ?[32mDEBUG?[0;39m ?[35m20986?[0;39m ?[2m---?[0;39m ?[2m[    Test worker]?[0;39m ?[36morg.hibernate.type.BasicTypeRegistry    ?[0;39m ?[2m:?[0;39m Adding type registration java.util.Calendar -> org.hibernate.type.CalendarType@655402f9
?[2m2019-02-19 22:24:10.166?[0;39m ?[32mDEBUG?[0;39m ?[35m20986?[0;39m ?[2m---?[0;39m ?[2m[    Test worker]?[0;39m ?[36morg.hibernate.type.BasicTypeRegistry    ?[0;39m ?[2m:?[0;39m Adding type registration java.util.GregorianCalendar -> org.hibernate.type.CalendarType@655402f9
?[2m2019-02-19 22:24:10.168?[0;39m ?[32mDEBUG?[0;39m ?[35m20986?[0;39m ?[2m---?[0;39m ?[2m[    Test worker]?[0;39m ?[36morg.hibernate.type.BasicTypeRegistry    ?[0;39m ?[2m:?[0;39m Adding type registration calendar_date -> org.hibernate.type.CalendarDateType@8da414b
?[2m2019-02-19 22:24:10.170?[0;39m ?[32mDEBUG?[0;39m ?[35m20986?[0;39m ?[2m---?[0;39m ?[2m[    Test worker]?[0;39m ?[36morg.hibernate.type.BasicTypeRegistry    ?[0;39m ?[2m:?[0;39m Adding type registration locale -> org.hibernate.type.LocaleType@15e596b6
?[2m2019-02-19 22:24:10.170?[0;39m ?[32mDEBUG?[0;39m ?[35m20986?[0;39m ?[2m---?[0;39m ?[2m[    Test worker]?[0;39m ?[36morg.hibernate.type.BasicTypeRegistry    ?[0;39m ?[2m:?[0;39m Adding type registration java.util.Locale -> org.hibernate.type.LocaleType@15e596b6
?[2m2019-02-19 22:24:10.172?[0;39m ?[32mDEBUG?[0;39m ?[35m20986?[0;39m ?[2m---?[0;39m ?[2m[    Test worker]?[0;39m ?[36morg.hibernate.type.BasicTypeRegistry    ?[0;39m ?[2m:?[0;39m Adding type registration currency -> org.hibernate.type.CurrencyType@645bbd25
?[2m2019-02-19 22:24:10.172?[0;39m ?[32mDEBUG?[0;39m ?[35m20986?[0;39m ?[2m---?[0;39m ?[2m[    Test worker]?[0;39m ?[36morg.hibernate.type.BasicTypeRegistry    ?[0;39m ?[2m:?[0;39m Adding type registration java.util.Currency -> org.hibernate.type.CurrencyType@645bbd25
?[2m2019-02-19 22:24:10.173?[0;39m ?[32mDEBUG?[0;39m ?[35m20986?[0;39m ?[2m---?[0;39m ?[2m[    Test worker]?[0;39m ?[36morg.hibernate.type.BasicTypeRegistry    ?[0;39m ?[2m:?[0;39m Adding type registration timezone -> org.hibernate.type.TimeZoneType@41c3a0a3
?[2m2019-02-19 22:24:10.174?[0;39m ?[32mDEBUG?[0;39m ?[35m20986?[0;39m ?[2m---?[0;39m ?[2m[    Test worker]?[0;39m ?[36morg.hibernate.type.BasicTypeRegistry    ?[0;39m ?[2m:?[0;39m Adding type registration java.util.TimeZone -> org.hibernate.type.TimeZoneType@41c3a0a3
?[2m2019-02-19 22:24:10.175?[0;39m ?[32mDEBUG?[0;39m ?[35m20986?[0;39m ?[2m---?[0;39m ?[2m[    Test worker]?[0;39m ?[36morg.hibernate.type.BasicTypeRegistry    ?[0;39m ?[2m:?[0;39m Adding type registration class -> org.hibernate.type.ClassType@27702baa
?[2m2019-02-19 22:24:10.176?[0;39m ?[32mDEBUG?[0;39m ?[35m20986?[0;39m ?[2m---?[0;39m ?[2m[    Test worker]?[0;39m ?[36morg.hibernate.type.BasicTypeRegistry    ?[0;39m ?[2m:?[0;39m Adding type registration java.lang.Class -> org.hibernate.type.ClassType@27702baa
?[2m2019-02-19 22:24:10.177?[0;39m ?[32mDEBUG?[0;39m ?[35m20986?[0;39m ?[2m---?[0;39m ?[2m[    Test worker]?[0;39m ?[36morg.hibernate.type.BasicTypeRegistry    ?[0;39m ?[2m:?[0;39m Adding type registration uuid-binary -> org.hibernate.type.UUIDBinaryType@4e69ed08
?[2m2019-02-19 22:24:10.177?[0;39m ?[32mDEBUG?[0;39m ?[35m20986?[0;39m ?[2m---?[0;39m ?[2m[    Test worker]?[0;39m ?[36morg.hibernate.type.BasicTypeRegistry    ?[0;39m ?[2m:?[0;39m Adding type registration java.util.UUID -> org.hibernate.type.UUIDBinaryType@4e69ed08
?[2m2019-02-19 22:24:10.178?[0;39m ?[32mDEBUG?[0;39m ?[35m20986?[0;39m ?[2m---?[0;39m ?[2m[    Test worker]?[0;39m ?[36morg.hibernate.type.BasicTypeRegistry    ?[0;39m ?[2m:?[0;39m Adding type registration uuid-char -> org.hibernate.type.UUIDCharType@7b259245
?[2m2019-02-19 22:24:10.181?[0;39m ?[32mDEBUG?[0;39m ?[35m20986?[0;39m ?[2m---?[0;39m ?[2m[    Test worker]?[0;39m ?[36morg.hibernate.type.BasicTypeRegistry    ?[0;39m ?[2m:?[0;39m Adding type registration binary -> org.hibernate.type.BinaryType@3f97b98c
?[2m2019-02-19 22:24:10.181?[0;39m ?[32mDEBUG?[0;39m ?[35m20986?[0;39m ?[2m---?[0;39m ?[2m[    Test worker]?[0;39m ?[36morg.hibernate.type.BasicTypeRegistry    ?[0;39m ?[2m:?[0;39m Adding type registration byte[] -> org.hibernate.type.BinaryType@3f97b98c
?[2m2019-02-19 22:24:10.181?[0;39m ?[32mDEBUG?[0;39m ?[35m20986?[0;39m ?[2m---?[0;39m ?[2m[    Test worker]?[0;39m ?[36morg.hibernate.type.BasicTypeRegistry    ?[0;39m ?[2m:?[0;39m Adding type registration [B -> org.hibernate.type.BinaryType@3f97b98c
?[2m2019-02-19 22:24:10.183?[0;39m ?[32mDEBUG?[0;39m ?[35m20986?[0;39m ?[2m---?[0;39m ?[2m[    Test worker]?[0;39m ?[36morg.hibernate.type.BasicTypeRegistry    ?[0;39m ?[2m:?[0;39m Adding type registration wrapper-binary -> org.hibernate.type.WrapperBinaryType@4ed686ac
?[2m2019-02-19 22:24:10.183?[0;39m ?[32mDEBUG?[0;39m ?[35m20986?[0;39m ?[2m---?[0;39m ?[2m[    Test worker]?[0;39m ?[36morg.hibernate.type.BasicTypeRegistry    ?[0;39m ?[2m:?[0;39m Adding type registration Byte[] -> org.hibernate.type.WrapperBinaryType@4ed686ac
?[2m2019-02-19 22:24:10.184?[0;39m ?[32mDEBUG?[0;39m ?[35m20986?[0;39m ?[2m---?[0;39m ?[2m[    Test worker]?[0;39m ?[36morg.hibernate.type.BasicTypeRegistry    ?[0;39m ?[2m:?[0;39m Adding type registration [Ljava.lang.Byte; -> org.hibernate.type.WrapperBinaryType@4ed686ac
?[2m2019-02-19 22:24:10.185?[0;39m ?[32mDEBUG?[0;39m ?[35m20986?[0;39m ?[2m---?[0;39m ?[2m[    Test worker]?[0;39m ?[36morg.hibernate.type.BasicTypeRegistry    ?[0;39m ?[2m:?[0;39m Adding type registration row_version -> org.hibernate.type.RowVersionType@1ba6b2a7
?[2m2019-02-19 22:24:10.186?[0;39m ?[32mDEBUG?[0;39m ?[35m20986?[0;39m ?[2m---?[0;39m ?[2m[    Test worker]?[0;39m ?[36morg.hibernate.type.BasicTypeRegistry    ?[0;39m ?[2m:?[0;39m Adding type registration image -> org.hibernate.type.ImageType@e9faef7
?[2m2019-02-19 22:24:10.188?[0;39m ?[32mDEBUG?[0;39m ?[35m20986?[0;39m ?[2m---?[0;39m ?[2m[    Test worker]?[0;39m ?[36morg.hibernate.type.BasicTypeRegistry    ?[0;39m ?[2m:?[0;39m Adding type registration characters -> org.hibernate.type.CharArrayType@6d807bfc
?[2m2019-02-19 22:24:10.188?[0;39m ?[32mDEBUG?[0;39m ?[35m20986?[0;39m ?[2m---?[0;39m ?[2m[    Test worker]?[0;39m ?[36morg.hibernate.type.BasicTypeRegistry    ?[0;39m ?[2m:?[0;39m Adding type registration char[] -> org.hibernate.type.CharArrayType@6d807bfc
?[2m2019-02-19 22:24:10.188?[0;39m ?[32mDEBUG?[0;39m ?[35m20986?[0;39m ?[2m---?[0;39m ?[2m[    Test worker]?[0;39m ?[36morg.hibernate.type.BasicTypeRegistry    ?[0;39m ?[2m:?[0;39m Adding type registration [C -> org.hibernate.type.CharArrayType@6d807bfc
?[2m2019-02-19 22:24:10.190?[0;39m ?[32mDEBUG?[0;39m ?[35m20986?[0;39m ?[2m---?[0;39m ?[2m[    Test worker]?[0;39m ?[36morg.hibernate.type.BasicTypeRegistry    ?[0;39m ?[2m:?[0;39m Adding type registration wrapper-characters -> org.hibernate.type.CharacterArrayType@74cb4df1
?[2m2019-02-19 22:24:10.190?[0;39m ?[32mDEBUG?[0;39m ?[35m20986?[0;39m ?[2m---?[0;39m ?[2m[    Test worker]?[0;39m ?[36morg.hibernate.type.BasicTypeRegistry    ?[0;39m ?[2m:?[0;39m Adding type registration [Ljava.lang.Character; -> org.hibernate.type.CharacterArrayType@74cb4df1
?[2m2019-02-19 22:24:10.190?[0;39m ?[32mDEBUG?[0;39m ?[35m20986?[0;39m ?[2m---?[0;39m ?[2m[    Test worker]?[0;39m ?[36morg.hibernate.type.BasicTypeRegistry    ?[0;39m ?[2m:?[0;39m Adding type registration Character[] -> org.hibernate.type.CharacterArrayType@74cb4df1
?[2m2019-02-19 22:24:10.191?[0;39m ?[32mDEBUG?[0;39m ?[35m20986?[0;39m ?[2m---?[0;39m ?[2m[    Test worker]?[0;39m ?[36morg.hibernate.type.BasicTypeRegistry    ?[0;39m ?[2m:?[0;39m Adding type registration text -> org.hibernate.type.TextType@6631637
?[2m2019-02-19 22:24:10.192?[0;39m ?[32mDEBUG?[0;39m ?[35m20986?[0;39m ?[2m---?[0;39m ?[2m[    Test worker]?[0;39m ?[36morg.hibernate.type.BasicTypeRegistry    ?[0;39m ?[2m:?[0;39m Adding type registration ntext -> org.hibernate.type.NTextType@5a63dfc4
?[2m2019-02-19 22:24:10.194?[0;39m ?[32mDEBUG?[0;39m ?[35m20986?[0;39m ?[2m---?[0;39m ?[2m[    Test worker]?[0;39m ?[36morg.hibernate.type.BasicTypeRegistry    ?[0;39m ?[2m:?[0;39m Adding type registration blob -> org.hibernate.type.BlobType@3d43632e
?[2m2019-02-19 22:24:10.194?[0;39m ?[32mDEBUG?[0;39m ?[35m20986?[0;39m ?[2m---?[0;39m ?[2m[    Test worker]?[0;39m ?[36morg.hibernate.type.BasicTypeRegistry    ?[0;39m ?[2m:?[0;39m Adding type registration java.sql.Blob -> org.hibernate.type.BlobType@3d43632e
?[2m2019-02-19 22:24:10.195?[0;39m ?[32mDEBUG?[0;39m ?[35m20986?[0;39m ?[2m---?[0;39m ?[2m[    Test worker]?[0;39m ?[36morg.hibernate.type.BasicTypeRegistry    ?[0;39m ?[2m:?[0;39m Adding type registration materialized_blob -> org.hibernate.type.MaterializedBlobType@30bef54e
?[2m2019-02-19 22:24:10.197?[0;39m ?[32mDEBUG?[0;39m ?[35m20986?[0;39m ?[2m---?[0;39m ?[2m[    Test worker]?[0;39m ?[36morg.hibernate.type.BasicTypeRegistry    ?[0;39m ?[2m:?[0;39m Adding type registration clob -> org.hibernate.type.ClobType@6f8b98e4
?[2m2019-02-19 22:24:10.197?[0;39m ?[32mDEBUG?[0;39m ?[35m20986?[0;39m ?[2m---?[0;39m ?[2m[    Test worker]?[0;39m ?[36morg.hibernate.type.BasicTypeRegistry    ?[0;39m ?[2m:?[0;39m Adding type registration java.sql.Clob -> org.hibernate.type.ClobType@6f8b98e4
?[2m2019-02-19 22:24:10.200?[0;39m ?[32mDEBUG?[0;39m ?[35m20986?[0;39m ?[2m---?[0;39m ?[2m[    Test worker]?[0;39m ?[36morg.hibernate.type.BasicTypeRegistry    ?[0;39m ?[2m:?[0;39m Adding type registration nclob -> org.hibernate.type.NClobType@25c15ba8
?[2m2019-02-19 22:24:10.200?[0;39m ?[32mDEBUG?[0;39m ?[35m20986?[0;39m ?[2m---?[0;39m ?[2m[    Test worker]?[0;39m ?[36morg.hibernate.type.BasicTypeRegistry    ?[0;39m ?[2m:?[0;39m Adding type registration java.sql.NClob -> org.hibernate.type.NClobType@25c15ba8
?[2m2019-02-19 22:24:10.201?[0;39m ?[32mDEBUG?[0;39m ?[35m20986?[0;39m ?[2m---?[0;39m ?[2m[    Test worker]?[0;39m ?[36morg.hibernate.type.BasicTypeRegistry    ?[0;39m ?[2m:?[0;39m Adding type registration materialized_clob -> org.hibernate.type.MaterializedClobType@31869cf0
?[2m2019-02-19 22:24:10.203?[0;39m ?[32mDEBUG?[0;39m ?[35m20986?[0;39m ?[2m---?[0;39m ?[2m[    Test worker]?[0;39m ?[36morg.hibernate.type.BasicTypeRegistry    ?[0;39m ?[2m:?[0;39m Adding type registration materialized_nclob -> org.hibernate.type.MaterializedNClobType@4bf1489e
?[2m2019-02-19 22:24:10.205?[0;39m ?[32mDEBUG?[0;39m ?[35m20986?[0;39m ?[2m---?[0;39m ?[2m[    Test worker]?[0;39m ?[36morg.hibernate.type.BasicTypeRegistry    ?[0;39m ?[2m:?[0;39m Adding type registration serializable -> org.hibernate.type.SerializableType@55a15ff6
?[2m2019-02-19 22:24:10.211?[0;39m ?[32mDEBUG?[0;39m ?[35m20986?[0;39m ?[2m---?[0;39m ?[2m[    Test worker]?[0;39m ?[36morg.hibernate.type.BasicTypeRegistry    ?[0;39m ?[2m:?[0;39m Adding type registration object -> org.hibernate.type.ObjectType@5700595e
?[2m2019-02-19 22:24:10.212?[0;39m ?[32mDEBUG?[0;39m ?[35m20986?[0;39m ?[2m---?[0;39m ?[2m[    Test worker]?[0;39m ?[36morg.hibernate.type.BasicTypeRegistry    ?[0;39m ?[2m:?[0;39m Adding type registration java.lang.Object -> org.hibernate.type.ObjectType@5700595e
?[2m2019-02-19 22:24:10.213?[0;39m ?[32mDEBUG?[0;39m ?[35m20986?[0;39m ?[2m---?[0;39m ?[2m[    Test worker]?[0;39m ?[36morg.hibernate.type.BasicTypeRegistry    ?[0;39m ?[2m:?[0;39m Adding type registration imm_date -> org.hibernate.type.AdaptedImmutableType@53f5e27f
?[2m2019-02-19 22:24:10.213?[0;39m ?[32mDEBUG?[0;39m ?[35m20986?[0;39m ?[2m---?[0;39m ?[2m[    Test worker]?[0;39m ?[36morg.hibernate.type.BasicTypeRegistry    ?[0;39m ?[2m:?[0;39m Adding type registration imm_time -> org.hibernate.type.AdaptedImmutableType@66a9bf6
?[2m2019-02-19 22:24:10.213?[0;39m ?[32mDEBUG?[0;39m ?[35m20986?[0;39m ?[2m---?[0;39m ?[2m[    Test worker]?[0;39m ?[36morg.hibernate.type.BasicTypeRegistry    ?[0;39m ?[2m:?[0;39m Adding type registration imm_timestamp -> org.hibernate.type.AdaptedImmutableType@244892e7
?[2m2019-02-19 22:24:10.214?[0;39m ?[32mDEBUG?[0;39m ?[35m20986?[0;39m ?[2m---?[0;39m ?[2m[    Test worker]?[0;39m ?[36morg.hibernate.type.BasicTypeRegistry    ?[0;39m ?[2m:?[0;39m Adding type registration imm_dbtimestamp -> org.hibernate.type.AdaptedImmutableType@3eab0288
?[2m2019-02-19 22:24:10.214?[0;39m ?[32mDEBUG?[0;39m ?[35m20986?[0;39m ?[2m---?[0;39m ?[2m[    Test worker]?[0;39m ?[36morg.hibernate.type.BasicTypeRegistry    ?[0;39m ?[2m:?[0;39m Adding type registration imm_calendar -> org.hibernate.type.AdaptedImmutableType@4231f938
?[2m2019-02-19 22:24:10.214?[0;39m ?[32mDEBUG?[0;39m ?[35m20986?[0;39m ?[2m---?[0;39m ?[2m[    Test worker]?[0;39m ?[36morg.hibernate.type.BasicTypeRegistry    ?[0;39m ?[2m:?[0;39m Adding type registration imm_calendar_date -> org.hibernate.type.AdaptedImmutableType@10566fa3
?[2m2019-02-19 22:24:10.215?[0;39m ?[32mDEBUG?[0;39m ?[35m20986?[0;39m ?[2m---?[0;39m ?[2m[    Test worker]?[0;39m ?[36morg.hibernate.type.BasicTypeRegistry    ?[0;39m ?[2m:?[0;39m Adding type registration imm_binary -> org.hibernate.type.AdaptedImmutableType@70e908e4
?[2m2019-02-19 22:24:10.215?[0;39m ?[32mDEBUG?[0;39m ?[35m20986?[0;39m ?[2m---?[0;39m ?[2m[    Test worker]?[0;39m ?[36morg.hibernate.type.BasicTypeRegistry    ?[0;39m ?[2m:?[0;39m Adding type registration imm_serializable -> org.hibernate.type.AdaptedImmutableType@1630eb33
?[2m2019-02-19 22:24:10.322?[0;39m ?[32m INFO?[0;39m ?[35m20986?[0;39m ?[2m---?[0;39m ?[2m[    Test worker]?[0;39m ?[36morg.hibernate.dialect.Dialect           ?[0;39m ?[2m:?[0;39m HHH000400: Using dialect: org.hibernate.dialect.H2Dialect
?[2m2019-02-19 22:24:10.420?[0;39m ?[32mDEBUG?[0;39m ?[35m20986?[0;39m ?[2m---?[0;39m ?[2m[    Test worker]?[0;39m ?[36mo.h.type.spi.TypeConfiguration$Scope    ?[0;39m ?[2m:?[0;39m Scoping TypeConfiguration [org.hibernate.type.spi.TypeConfiguration@134474dd] to MetadataBuildingContext [org.hibernate.boot.internal.MetadataBuildingContextRootImpl@5ccc3df2]
?[2m2019-02-19 22:24:10.736?[0;39m ?[32mDEBUG?[0;39m ?[35m20986?[0;39m ?[2m---?[0;39m ?[2m[    Test worker]?[0;39m ?[36mo.h.type.spi.TypeConfiguration$Scope    ?[0;39m ?[2m:?[0;39m Scoping TypeConfiguration [org.hibernate.type.spi.TypeConfiguration@134474dd] to SessionFactoryImpl [org.hibernate.internal.SessionFactoryImpl@2953d2d0]
Hibernate: 
    
    drop table course if exists
Hibernate: 
    
    drop sequence if exists hibernate_sequence
Hibernate: create sequence hibernate_sequence start with 1 increment by 1
Hibernate: 
    
    create table course (
       id bigint not null,
        name varchar(255),
        primary key (id)
    )
?[2m2019-02-19 22:24:11.154?[0;39m ?[32m INFO?[0;39m ?[35m20986?[0;39m ?[2m---?[0;39m ?[2m[    Test worker]?[0;39m ?[36mo.h.t.schema.internal.SchemaCreatorImpl ?[0;39m ?[2m:?[0;39m HHH000476: Executing import script 'org.hibernate.tool.schema.internal.exec.ScriptSourceInputNonExistentImpl@52664f7e'
[...]
?[2m2019-02-19 22:24:18.512?[0;39m ?[32mDEBUG?[0;39m ?[35m20986?[0;39m ?[2m---?[0;39m ?[2m[    Test worker]?[0;39m ?[36mo.s.orm.jpa.JpaTransactionManager       ?[0;39m ?[2m:?[0;39m Creating new transaction with name [learn.programming.repository.CourseRepository.deleteById]: PROPAGATION_REQUIRED,ISOLATION_DEFAULT
?[2m2019-02-19 22:24:18.513?[0;39m ?[32mDEBUG?[0;39m ?[35m20986?[0;39m ?[2m---?[0;39m ?[2m[    Test worker]?[0;39m ?[36mo.s.orm.jpa.JpaTransactionManager       ?[0;39m ?[2m:?[0;39m Opened new EntityManager [SessionImpl(52101036<open>)] for JPA transaction
?[2m2019-02-19 22:24:18.514?[0;39m ?[32mDEBUG?[0;39m ?[35m20986?[0;39m ?[2m---?[0;39m ?[2m[    Test worker]?[0;39m ?[36mo.s.orm.jpa.JpaTransactionManager       ?[0;39m ?[2m:?[0;39m Exposing JPA transaction as JDBC [org.springframework.orm.jpa.vendor.HibernateJpaDialect$HibernateConnectionHandle@338c8f3d]
Hibernate: 
    select
        course0_.id as id1_0_0_,
        course0_.name as name2_0_0_ 
    from
        course course0_ 
    where
        course0_.id=?
?[2m2019-02-19 22:24:18.516?[0;39m ?[32mTRACE?[0;39m ?[35m20986?[0;39m ?[2m---?[0;39m ?[2m[    Test worker]?[0;39m ?[36mo.h.type.descriptor.sql.BasicBinder     ?[0;39m ?[2m:?[0;39m binding parameter [1] as [BIGINT] - [1001]
?[2m2019-02-19 22:24:18.518?[0;39m ?[32mTRACE?[0;39m ?[35m20986?[0;39m ?[2m---?[0;39m ?[2m[    Test worker]?[0;39m ?[36mo.h.type.descriptor.sql.BasicExtractor  ?[0;39m ?[2m:?[0;39m extracted value ([name2_0_0_] : [VARCHAR]) - [How to be wild]
?[2m2019-02-19 22:24:18.519?[0;39m ?[32mDEBUG?[0;39m ?[35m20986?[0;39m ?[2m---?[0;39m ?[2m[    Test worker]?[0;39m ?[36mo.s.orm.jpa.JpaTransactionManager       ?[0;39m ?[2m:?[0;39m Initiating transaction commit
?[2m2019-02-19 22:24:18.519?[0;39m ?[32mDEBUG?[0;39m ?[35m20986?[0;39m ?[2m---?[0;39m ?[2m[    Test worker]?[0;39m ?[36mo.s.orm.jpa.JpaTransactionManager       ?[0;39m ?[2m:?[0;39m Committing JPA transaction on EntityManager [SessionImpl(52101036<open>)]
Hibernate: 
    delete 
    from
        course 
    where
        id=?
?[2m2019-02-19 22:24:18.521?[0;39m ?[32mTRACE?[0;39m ?[35m20986?[0;39m ?[2m---?[0;39m ?[2m[    Test worker]?[0;39m ?[36mo.h.type.descriptor.sql.BasicBinder     ?[0;39m ?[2m:?[0;39m binding parameter [1] as [BIGINT] - [1001]
?[2m2019-02-19 22:24:18.523?[0;39m ?[32mDEBUG?[0;39m ?[35m20986?[0;39m ?[2m---?[0;39m ?[2m[    Test worker]?[0;39m ?[36mo.s.orm.jpa.JpaTransactionManager       ?[0;39m ?[2m:?[0;39m Closing JPA EntityManager [SessionImpl(52101036<open>)] after transaction
?[2m2019-02-19 22:24:18.524?[0;39m ?[32m INFO?[0;39m ?[35m20986?[0;39m ?[2m---?[0;39m ?[2m[    Test worker]?[0;39m ?[36mi.StatisticalLoggingSessionEventListener?[0;39m ?[2m:?[0;39m Session Metrics {
    62768 nanoseconds spent acquiring 1 JDBC connections;
    0 nanoseconds spent releasing 0 JDBC connections;
    220796 nanoseconds spent preparing 2 JDBC statements;
    1074380 nanoseconds spent executing 2 JDBC statements;
    0 nanoseconds spent executing 0 JDBC batches;
    0 nanoseconds spent performing 0 L2C puts;
    0 nanoseconds spent performing 0 L2C hits;
    0 nanoseconds spent performing 0 L2C misses;
    2950427 nanoseconds spent executing 1 flushes (flushing a total of 1 entities and 0 collections);
    0 nanoseconds spent executing 0 partial-flushes (flushing a total of 0 entities and 0 collections)
}
?[2m2019-02-19 22:24:18.525?[0;39m ?[32mDEBUG?[0;39m ?[35m20986?[0;39m ?[2m---?[0;39m ?[2m[    Test worker]?[0;39m ?[36mo.s.orm.jpa.JpaTransactionManager       ?[0;39m ?[2m:?[0;39m Creating new transaction with name [learn.programming.repository.CourseRepository.findById]: PROPAGATION_REQUIRED,ISOLATION_DEFAULT
?[2m2019-02-19 22:24:18.526?[0;39m ?[32mDEBUG?[0;39m ?[35m20986?[0;39m ?[2m---?[0;39m ?[2m[    Test worker]?[0;39m ?[36mo.s.orm.jpa.JpaTransactionManager       ?[0;39m ?[2m:?[0;39m Opened new EntityManager [SessionImpl(1904754846<open>)] for JPA transaction
?[2m2019-02-19 22:24:18.527?[0;39m ?[32mDEBUG?[0;39m ?[35m20986?[0;39m ?[2m---?[0;39m ?[2m[    Test worker]?[0;39m ?[36mo.s.orm.jpa.JpaTransactionManager       ?[0;39m ?[2m:?[0;39m Exposing JPA transaction as JDBC [org.springframework.orm.jpa.vendor.HibernateJpaDialect$HibernateConnectionHandle@71321ba2]
Hibernate: 
    select
        course0_.id as id1_0_0_,
        course0_.name as name2_0_0_ 
    from
        course course0_ 
    where
        course0_.id=?
?[2m2019-02-19 22:24:18.529?[0;39m ?[32mTRACE?[0;39m ?[35m20986?[0;39m ?[2m---?[0;39m ?[2m[    Test worker]?[0;39m ?[36mo.h.type.descriptor.sql.BasicBinder     ?[0;39m ?[2m:?[0;39m binding parameter [1] as [BIGINT] - [1001]
?[2m2019-02-19 22:24:18.530?[0;39m ?[32mDEBUG?[0;39m ?[35m20986?[0;39m ?[2m---?[0;39m ?[2m[    Test worker]?[0;39m ?[36mo.s.orm.jpa.JpaTransactionManager       ?[0;39m ?[2m:?[0;39m Initiating transaction commit
?[2m2019-02-19 22:24:18.530?[0;39m ?[32mDEBUG?[0;39m ?[35m20986?[0;39m ?[2m---?[0;39m ?[2m[    Test worker]?[0;39m ?[36mo.s.orm.jpa.JpaTransactionManager       ?[0;39m ?[2m:?[0;39m Committing JPA transaction on EntityManager [SessionImpl(1904754846<open>)]
?[2m2019-02-19 22:24:18.531?[0;39m ?[32mDEBUG?[0;39m ?[35m20986?[0;39m ?[2m---?[0;39m ?[2m[    Test worker]?[0;39m ?[36mo.s.orm.jpa.JpaTransactionManager       ?[0;39m ?[2m:?[0;39m Closing JPA EntityManager [SessionImpl(1904754846<open>)] after transaction
?[2m2019-02-19 22:24:18.532?[0;39m ?[32m INFO?[0;39m ?[35m20986?[0;39m ?[2m---?[0;39m ?[2m[    Test worker]?[0;39m ?[36mi.StatisticalLoggingSessionEventListener?[0;39m ?[2m:?[0;39m Session Metrics {
    57952 nanoseconds spent acquiring 1 JDBC connections;
    0 nanoseconds spent releasing 0 JDBC connections;
    107935 nanoseconds spent preparing 1 JDBC statements;
    444618 nanoseconds spent executing 1 JDBC statements;
    0 nanoseconds spent executing 0 JDBC batches;
    0 nanoseconds spent performing 0 L2C puts;
    0 nanoseconds spent performing 0 L2C hits;
    0 nanoseconds spent performing 0 L2C misses;
    0 nanoseconds spent executing 0 flushes (flushing a total of 0 entities and 0 collections);
    0 nanoseconds spent executing 0 partial-flushes (flushing a total of 0 entities and 0 collections)
}
?[2m2019-02-19 22:24:18.534?[0;39m ?[32mDEBUG?[0;39m ?[35m20986?[0;39m ?[2m---?[0;39m ?[2m[    Test worker]?[0;39m ?[36mc.DefaultCacheAwareContextLoaderDelegate?[0;39m ?[2m:?[0;39m Retrieved ApplicationContext from cache with key [[WebMergedContextConfiguration@1390de32 testClass = CourseRepositoryTest, locations = '{}', classes = '{class learn.programming.DataPersistenceApplication, class learn.programming.DataPersistenceApplication}', contextInitializerClasses = '[]', activeProfiles = '{}', propertySourceLocations = '{}', propertySourceProperties = '{org.springframework.boot.test.context.SpringBootTestContextBootstrapper=true}', contextCustomizers = set[org.spockframework.spring.mock.SpockContextCustomizer@0, org.springframework.boot.test.autoconfigure.properties.PropertyMappingContextCustomizer@0, org.springframework.boot.test.autoconfigure.web.servlet.WebDriverContextCustomizerFactory$Customizer@6e7b6a50, org.springframework.boot.test.context.filter.ExcludeFilterContextCustomizer@38480723, org.springframework.boot.test.json.DuplicateJsonObjectContextCustomizerFactory$DuplicateJsonObjectContextCustomizer@33b0f5a3, org.springframework.boot.test.mock.mockito.MockitoContextCustomizer@0, org.springframework.boot.test.web.client.TestRestTemplateContextCustomizer@7ecc3b05], resourceBasePath = 'src/main/webapp', contextLoader = 'org.springframework.boot.test.context.SpringBootContextLoader', parent = [null]]]
?[2m2019-02-19 22:24:18.534?[0;39m ?[32mDEBUG?[0;39m ?[35m20986?[0;39m ?[2m---?[0;39m ?[2m[    Test worker]?[0;39m ?[36morg.springframework.test.context.cache  ?[0;39m ?[2m:?[0;39m Spring test ApplicationContext cache statistics: [DefaultContextCache@2cf6b12c size = 1, maxSize = 32, parentContextCount = 0, hitCount = 14, missCount = 2]
?[2m2019-02-19 22:24:18.535?[0;39m ?[32mDEBUG?[0;39m ?[35m20986?[0;39m ?[2m---?[0;39m ?[2m[    Test worker]?[0;39m ?[36mc.DefaultCacheAwareContextLoaderDelegate?[0;39m ?[2m:?[0;39m Retrieved ApplicationContext from cache with key [[WebMergedContextConfiguration@1390de32 testClass = CourseRepositoryTest, locations = '{}', classes = '{class learn.programming.DataPersistenceApplication, class learn.programming.DataPersistenceApplication}', contextInitializerClasses = '[]', activeProfiles = '{}', propertySourceLocations = '{}', propertySourceProperties = '{org.springframework.boot.test.context.SpringBootTestContextBootstrapper=true}', contextCustomizers = set[org.spockframework.spring.mock.SpockContextCustomizer@0, org.springframework.boot.test.autoconfigure.properties.PropertyMappingContextCustomizer@0, org.springframework.boot.test.autoconfigure.web.servlet.WebDriverContextCustomizerFactory$Customizer@6e7b6a50, org.springframework.boot.test.context.filter.ExcludeFilterContextCustomizer@38480723, org.springframework.boot.test.json.DuplicateJsonObjectContextCustomizerFactory$DuplicateJsonObjectContextCustomizer@33b0f5a3, org.springframework.boot.test.mock.mockito.MockitoContextCustomizer@0, org.springframework.boot.test.web.client.TestRestTemplateContextCustomizer@7ecc3b05], resourceBasePath = 'src/main/webapp', contextLoader = 'org.springframework.boot.test.context.SpringBootContextLoader', parent = [null]]]
?[2m2019-02-19 22:24:18.536?[0;39m ?[32mDEBUG?[0;39m ?[35m20986?[0;39m ?[2m---?[0;39m ?[2m[    Test worker]?[0;39m ?[36morg.springframework.test.context.cache  ?[0;39m ?[2m:?[0;39m Spring test ApplicationContext cache statistics: [DefaultContextCache@2cf6b12c size = 1, maxSize = 32, parentContextCount = 0, hitCount = 15, missCount = 2]
?[2m2019-02-19 22:24:18.537?[0;39m ?[32mDEBUG?[0;39m ?[35m20986?[0;39m ?[2m---?[0;39m ?[2m[    Test worker]?[0;39m ?[36mc.DefaultCacheAwareContextLoaderDelegate?[0;39m ?[2m:?[0;39m Retrieved ApplicationContext from cache with key [[WebMergedContextConfiguration@1390de32 testClass = CourseRepositoryTest, locations = '{}', classes = '{class learn.programming.DataPersistenceApplication, class learn.programming.DataPersistenceApplication}', contextInitializerClasses = '[]', activeProfiles = '{}', propertySourceLocations = '{}', propertySourceProperties = '{org.springframework.boot.test.context.SpringBootTestContextBootstrapper=true}', contextCustomizers = set[org.spockframework.spring.mock.SpockContextCustomizer@0, org.springframework.boot.test.autoconfigure.properties.PropertyMappingContextCustomizer@0, org.springframework.boot.test.autoconfigure.web.servlet.WebDriverContextCustomizerFactory$Customizer@6e7b6a50, org.springframework.boot.test.context.filter.ExcludeFilterContextCustomizer@38480723, org.springframework.boot.test.json.DuplicateJsonObjectContextCustomizerFactory$DuplicateJsonObjectContextCustomizer@33b0f5a3, org.springframework.boot.test.mock.mockito.MockitoContextCustomizer@0, org.springframework.boot.test.web.client.TestRestTemplateContextCustomizer@7ecc3b05], resourceBasePath = 'src/main/webapp', contextLoader = 'org.springframework.boot.test.context.SpringBootContextLoader', parent = [null]]]
?[2m2019-02-19 22:24:18.537?[0;39m ?[32mDEBUG?[0;39m ?[35m20986?[0;39m ?[2m---?[0;39m ?[2m[    Test worker]?[0;39m ?[36morg.springframework.test.context.cache  ?[0;39m ?[2m:?[0;39m Spring test ApplicationContext cache statistics: [DefaultContextCache@2cf6b12c size = 1, maxSize = 32, parentContextCount = 0, hitCount = 16, missCount = 2]
?[2m2019-02-19 22:24:18.541?[0;39m ?[32mDEBUG?[0;39m ?[35m20986?[0;39m ?[2m---?[0;39m ?[2m[    Test worker]?[0;39m ?[36mtractDirtiesContextTestExecutionListener?[0;39m ?[2m:?[0;39m After test method: context [DefaultTestContext@15c00bd0 testClass = CourseRepositoryTest, testInstance = learn.programming.repository.CourseRepositoryTest@6f06945a, testMethod = deleteById@CourseRepositoryTest, testException = [null], mergedContextConfiguration = [WebMergedContextConfiguration@1390de32 testClass = CourseRepositoryTest, locations = '{}', classes = '{class learn.programming.DataPersistenceApplication, class learn.programming.DataPersistenceApplication}', contextInitializerClasses = '[]', activeProfiles = '{}', propertySourceLocations = '{}', propertySourceProperties = '{org.springframework.boot.test.context.SpringBootTestContextBootstrapper=true}', contextCustomizers = set[org.spockframework.spring.mock.SpockContextCustomizer@0, org.springframework.boot.test.autoconfigure.properties.PropertyMappingContextCustomizer@0, org.springframework.boot.test.autoconfigure.web.servlet.WebDriverContextCustomizerFactory$Customizer@6e7b6a50, org.springframework.boot.test.context.filter.ExcludeFilterContextCustomizer@38480723, org.springframework.boot.test.json.DuplicateJsonObjectContextCustomizerFactory$DuplicateJsonObjectContextCustomizer@33b0f5a3, org.springframework.boot.test.mock.mockito.MockitoContextCustomizer@0, org.springframework.boot.test.web.client.TestRestTemplateContextCustomizer@7ecc3b05], resourceBasePath = 'src/main/webapp', contextLoader = 'org.springframework.boot.test.context.SpringBootContextLoader', parent = [null]], attributes = map['org.springframework.test.context.web.ServletTestExecutionListener.activateListener' -> true, 'org.springframework.test.context.web.ServletTestExecutionListener.populatedRequestContextHolder' -> true, 'org.springframework.test.context.web.ServletTestExecutionListener.resetRequestContextHolder' -> true]], class annotated with @DirtiesContext [false] with mode [null], method annotated with @DirtiesContext [true] with mode [AFTER_METHOD].
?[2m2019-02-19 22:24:18.542?[0;39m ?[32mDEBUG?[0;39m ?[35m20986?[0;39m ?[2m---?[0;39m ?[2m[    Test worker]?[0;39m ?[36mo.s.w.c.s.GenericWebApplicationContext  ?[0;39m ?[2m:?[0;39m Closing org.springframework.web.context.support.GenericWebApplicationContext@7f34d4c9, started on Tue Feb 19 22:24:15 IST 2019
?[2m2019-02-19 22:24:18.545?[0;39m ?[32m INFO?[0;39m ?[35m20986?[0;39m ?[2m---?[0;39m ?[2m[    Test worker]?[0;39m ?[36mo.s.s.concurrent.ThreadPoolTaskExecutor ?[0;39m ?[2m:?[0;39m Shutting down ExecutorService 'applicationTaskExecutor'
?[2m2019-02-19 22:24:18.547?[0;39m ?[32m INFO?[0;39m ?[35m20986?[0;39m ?[2m---?[0;39m ?[2m[    Test worker]?[0;39m ?[36mj.LocalContainerEntityManagerFactoryBean?[0;39m ?[2m:?[0;39m Closing JPA EntityManagerFactory for persistence unit 'default'
?[2m2019-02-19 22:24:18.547?[0;39m ?[32m INFO?[0;39m ?[35m20986?[0;39m ?[2m---?[0;39m ?[2m[    Test worker]?[0;39m ?[36m.SchemaDropperImpl$DelayedDropActionImpl?[0;39m ?[2m:?[0;39m HHH000477: Starting delayed evictData of schema as part of SessionFactory shut-down'
Hibernate: 
    
    drop table course if exists
Hibernate: 
    
    drop sequence if exists hibernate_sequence
?[2m2019-02-19 22:24:18.553?[0;39m ?[32mTRACE?[0;39m ?[35m20986?[0;39m ?[2m---?[0;39m ?[2m[    Test worker]?[0;39m ?[36mo.h.type.spi.TypeConfiguration$Scope    ?[0;39m ?[2m:?[0;39m Handling #sessionFactoryClosed from [org.hibernate.internal.SessionFactoryImpl@2e7bad0e] for TypeConfiguration
?[2m2019-02-19 22:24:18.554?[0;39m ?[32mDEBUG?[0;39m ?[35m20986?[0;39m ?[2m---?[0;39m ?[2m[    Test worker]?[0;39m ?[36mo.h.type.spi.TypeConfiguration$Scope    ?[0;39m ?[2m:?[0;39m Un-scoping TypeConfiguration [org.hibernate.type.spi.TypeConfiguration$Scope@68f3ce9b] from SessionFactory [org.hibernate.internal.SessionFactoryImpl@2e7bad0e]
?[2m2019-02-19 22:24:18.560?[0;39m ?[32m INFO?[0;39m ?[35m20986?[0;39m ?[2m---?[0;39m ?[2m[    Test worker]?[0;39m ?[36mcom.zaxxer.hikari.HikariDataSource      ?[0;39m ?[2m:?[0;39m HikariPool-2 - Shutdown initiated...
?[2m2019-02-19 22:24:18.577?[0;39m ?[32m INFO?[0;39m ?[35m20986?[0;39m ?[2m---?[0;39m ?[2m[    Test worker]?[0;39m ?[36mcom.zaxxer.hikari.HikariDataSource      ?[0;39m ?[2m:?[0;39m HikariPool-2 - Shutdown completed.
?[2m2019-02-19 22:24:18.579?[0;39m ?[32mDEBUG?[0;39m ?[35m20986?[0;39m ?[2m---?[0;39m ?[2m[    Test worker]?[0;39m ?[36mo.s.t.c.w.ServletTestExecutionListener  ?[0;39m ?[2m:?[0;39m Resetting RequestContextHolder for test context [DefaultTestContext@15c00bd0 testClass = CourseRepositoryTest, testInstance = learn.programming.repository.CourseRepositoryTest@6f06945a, testMethod = deleteById@CourseRepositoryTest, testException = [null], mergedContextConfiguration = [WebMergedContextConfiguration@1390de32 testClass = CourseRepositoryTest, locations = '{}', classes = '{class learn.programming.DataPersistenceApplication, class learn.programming.DataPersistenceApplication}', contextInitializerClasses = '[]', activeProfiles = '{}', propertySourceLocations = '{}', propertySourceProperties = '{org.springframework.boot.test.context.SpringBootTestContextBootstrapper=true}', contextCustomizers = set[org.spockframework.spring.mock.SpockContextCustomizer@0, org.springframework.boot.test.autoconfigure.properties.PropertyMappingContextCustomizer@0, org.springframework.boot.test.autoconfigure.web.servlet.WebDriverContextCustomizerFactory$Customizer@6e7b6a50, org.springframework.boot.test.context.filter.ExcludeFilterContextCustomizer@38480723, org.springframework.boot.test.json.DuplicateJsonObjectContextCustomizerFactory$DuplicateJsonObjectContextCustomizer@33b0f5a3, org.springframework.boot.test.mock.mockito.MockitoContextCustomizer@0, org.springframework.boot.test.web.client.TestRestTemplateContextCustomizer@7ecc3b05], resourceBasePath = 'src/main/webapp', contextLoader = 'org.springframework.boot.test.context.SpringBootContextLoader', parent = [null]], attributes = map['org.springframework.test.context.web.ServletTestExecutionListener.activateListener' -> true, 'org.springframework.test.context.web.ServletTestExecutionListener.populatedRequestContextHolder' -> true, 'org.springframework.test.context.web.ServletTestExecutionListener.resetRequestContextHolder' -> true, 'org.springframework.test.context.support.DependencyInjectionTestExecutionListener.reinjectDependencies' -> true]].
?[2m2019-02-19 22:24:18.581?[0;39m ?[32mDEBUG?[0;39m ?[35m20986?[0;39m ?[2m---?[0;39m ?[2m[    Test worker]?[0;39m ?[36mtractDirtiesContextTestExecutionListener?[0;39m ?[2m:?[0;39m After test class: context [DefaultTestContext@15c00bd0 testClass = CourseRepositoryTest, testInstance = [null], testMethod = [null], testException = [null], mergedContextConfiguration = [WebMergedContextConfiguration@1390de32 testClass = CourseRepositoryTest, locations = '{}', classes = '{class learn.programming.DataPersistenceApplication, class learn.programming.DataPersistenceApplication}', contextInitializerClasses = '[]', activeProfiles = '{}', propertySourceLocations = '{}', propertySourceProperties = '{org.springframework.boot.test.context.SpringBootTestContextBootstrapper=true}', contextCustomizers = set[org.spockframework.spring.mock.SpockContextCustomizer@0, org.springframework.boot.test.autoconfigure.properties.PropertyMappingContextCustomizer@0, org.springframework.boot.test.autoconfigure.web.servlet.WebDriverContextCustomizerFactory$Customizer@6e7b6a50, org.springframework.boot.test.context.filter.ExcludeFilterContextCustomizer@38480723, org.springframework.boot.test.json.DuplicateJsonObjectContextCustomizerFactory$DuplicateJsonObjectContextCustomizer@33b0f5a3, org.springframework.boot.test.mock.mockito.MockitoContextCustomizer@0, org.springframework.boot.test.web.client.TestRestTemplateContextCustomizer@7ecc3b05], resourceBasePath = 'src/main/webapp', contextLoader = 'org.springframework.boot.test.context.SpringBootContextLoader', parent = [null]], attributes = map['org.springframework.test.context.web.ServletTestExecutionListener.activateListener' -> true, 'org.springframework.test.context.support.DependencyInjectionTestExecutionListener.reinjectDependencies' -> true]], class annotated with @DirtiesContext [false] with mode [null].
]]></system-out>
  <system-err><![CDATA[]]></system-err>
</testsuite>
